2026-02-19 23:45:01.943 INFO: ===========VERIFYING SETTINGS===========
2026-02-19 23:45:01.943 INFO: Stage Two is activated as start_stage_two was defined
2026-02-19 23:45:01.943 INFO: MACE version: 0.3.14
2026-02-19 23:45:01.944 INFO: Using CPU
2026-02-19 23:45:02.015 INFO: ===========LOADING INPUT DATA===========
2026-02-19 23:45:02.015 INFO: Using heads: ['Default']
2026-02-19 23:45:02.015 INFO: Using the key specifications to parse data:
2026-02-19 23:45:02.015 INFO: Default: KeySpecification(info_keys={'energy': 'TotEnergy', 'stress': 'REF_stress', 'virials': 'REF_virials', 'dipole': 'dipole', 'head': 'head', 'elec_temp': 'elec_temp', 'total_charge': 'total_charge', 'polarizability': 'polarizability', 'total_spin': 'total_spin'}, arrays_keys={'forces': 'force', 'charges': 'REF_charges'})
2026-02-19 23:45:02.015 INFO: =============    Processing head Default     ===========
2026-02-19 23:45:02.354 INFO: Training set 1/1 [energy: 1116, stress: 0, virials: 0, dipole components: 0, head: 1116, elec_temp: 0, total_charge: 0, polarizability: 0, total_spin: 0, forces: 1116, charges: 0]
2026-02-19 23:45:02.356 INFO: Total Training set [energy: 1116, stress: 0, virials: 0, dipole components: 0, head: 1116, elec_temp: 0, total_charge: 0, polarizability: 0, total_spin: 0, forces: 1116, charges: 0]
2026-02-19 23:45:02.412 INFO: Validation set 1/1 [energy: 159, stress: 0, virials: 0, dipole components: 0, head: 159, elec_temp: 0, total_charge: 0, polarizability: 0, total_spin: 0, forces: 159, charges: 0]
2026-02-19 23:45:02.412 INFO: Total Validation set [energy: 159, stress: 0, virials: 0, dipole components: 0, head: 159, elec_temp: 0, total_charge: 0, polarizability: 0, total_spin: 0, forces: 159, charges: 0]
2026-02-19 23:45:02.412 INFO: Total number of configurations: train=1116, valid=159, tests=[],
2026-02-19 23:45:02.423 INFO: Atomic Numbers used: [np.int64(1), np.int64(8)]
2026-02-19 23:45:02.423 INFO: Isolated Atomic Energies (E0s) not in training file, using command line argument
2026-02-19 23:45:02.423 INFO: Computing average Atomic Energies using least squares regression
2026-02-19 23:45:02.425 INFO: Atomic Energies used (z: eV) for head Default: {1: -6.894315756608428, 8: -3.4471578783042047}
2026-02-19 23:45:02.425 INFO: Processing datasets for head 'Default'
2026-02-19 23:45:02.867 INFO: Combining 1 list datasets for head 'Default'
2026-02-19 23:45:02.929 INFO: Combining 1 list datasets for head 'Default_valid'
2026-02-19 23:45:02.929 INFO: Combined validation datasets for Default
2026-02-19 23:45:02.929 INFO: Head 'Default' training dataset size: 1116
2026-02-19 23:45:02.930 INFO: Computing average number of neighbors
2026-02-19 23:45:03.180 INFO: Average number of neighbors: 10.35154383213859
2026-02-19 23:45:03.180 INFO: During training the following quantities will be reported: energy, forces
2026-02-19 23:45:03.180 INFO: ===========MODEL DETAILS===========
2026-02-19 23:45:03.368 INFO: Building model
2026-02-19 23:45:03.368 INFO: Message passing with 64 channels and max_L=0 (64x0e)
2026-02-19 23:45:03.368 INFO: 2 layers, each with correlation order: 3 (body order: 4) and spherical harmonics up to: l=3
2026-02-19 23:45:03.368 INFO: 8 radial and 5 basis functions
2026-02-19 23:45:03.368 INFO: Radial cutoff: 6.0 A (total receptive field for each atom: 12.0 A)
2026-02-19 23:45:03.368 INFO: Distance transform for radial basis functions: None
2026-02-19 23:45:03.368 INFO: Hidden irreps: 64x0e
2026-02-19 23:45:03.729 INFO: Total number of parameters: 148688
2026-02-19 23:45:03.729 INFO: 
2026-02-19 23:45:03.729 INFO: ===========OPTIMIZER INFORMATION===========
2026-02-19 23:45:03.730 INFO: Using ADAM as parameter optimizer
2026-02-19 23:45:03.730 INFO: Batch size: 2
2026-02-19 23:45:03.730 INFO: Using Exponential Moving Average with decay: 0.99
2026-02-19 23:45:03.730 INFO: Number of gradient updates: 558
2026-02-19 23:45:03.730 INFO: Learning rate: 0.01, weight decay: 5e-07
2026-02-19 23:45:03.730 INFO: WeightedEnergyForcesLoss(energy_weight=10.000, forces_weight=1000.000)
2026-02-19 23:45:03.730 WARNING: Start Stage Two must be less than max_num_epochs, got 1 > 1
2026-02-19 23:45:03.730 INFO: Stage Two (after 1 epochs) with loss function: WeightedEnergyForcesLoss(energy_weight=1000.000, forces_weight=100.000), with energy weight : 1000.0, forces weight : 100.0 and learning rate : 0.001
2026-02-19 23:45:03.766 WARNING: No SWA checkpoint found, while SWA is enabled. Compare the swa_start parameter and the latest checkpoint.
2026-02-19 23:45:03.766 INFO: Loading checkpoint: /Users/jameszhao/Desktop/mace/mace-api/MACE_Freeze/runs_web/f426b92e-f8ac-4686-a430-a269d4a82aac/iter_00/c1/checkpoints/c1_run-1_epoch-0.pt
2026-02-19 23:45:03.771 INFO: Using gradient clipping with tolerance=10.000
2026-02-19 23:45:03.771 INFO: 
2026-02-19 23:45:03.771 INFO: ===========TRAINING===========
2026-02-19 23:45:03.771 INFO: Started training, reporting errors on validation set
2026-02-19 23:45:03.771 INFO: Loss metrics on validation set
2026-02-19 23:45:14.517 INFO: Initial: head: Default, loss=0.00996299, MAE_E_per_atom=   22.94 meV, MAE_F=    3.34 meV / A
2026-02-19 23:48:27.673 INFO: Epoch 0: head: Default, loss=0.00640529, MAE_E_per_atom=   10.59 meV, MAE_F=    2.76 meV / A
2026-02-19 23:48:27.682 INFO: Training complete
2026-02-19 23:48:27.682 INFO: 
2026-02-19 23:48:27.682 INFO: ===========RESULTS===========
2026-02-19 23:48:27.682 INFO: Loading checkpoint: /Users/jameszhao/Desktop/mace/mace-api/MACE_Freeze/runs_web/f426b92e-f8ac-4686-a430-a269d4a82aac/iter_00/c1/checkpoints/c1_run-1_epoch-0.pt
2026-02-19 23:48:27.687 INFO: Loaded Stage one model from epoch 0 for evaluation
2026-02-19 23:48:27.687 INFO: Saving model to /Users/jameszhao/Desktop/mace/mace-api/MACE_Freeze/runs_web/f426b92e-f8ac-4686-a430-a269d4a82aac/iter_00/c1/checkpoints/c1_run-1.model
2026-02-19 23:48:27.757 INFO: Compiling model, saving metadata to /Users/jameszhao/Desktop/mace/mace-api/MACE_Freeze/runs_web/f426b92e-f8ac-4686-a430-a269d4a82aac/iter_00/c1/c1_compiled.model
2026-02-19 23:48:28.007 INFO: Computing metrics for training, validation, and test sets
2026-02-19 23:48:28.008 INFO: Skipping evaluation for heads: ['pt_head']
2026-02-19 23:48:28.008 INFO: Evaluating train_Default ...
2026-02-19 23:49:46.191 INFO: Evaluating valid_Default ...
2026-02-19 23:49:57.514 INFO: Error-table on TRAIN and VALID:
+---------------+--------------------+-----------------+------------------+
|  config_type  | MAE E / meV / atom | MAE F / meV / A | relative F MAE % |
+---------------+--------------------+-----------------+------------------+
| train_Default |          10.7      |          2.9    |        10.47     |
| valid_Default |          10.6      |          2.8    |         9.72     |
+---------------+--------------------+-----------------+------------------+
2026-02-19 23:49:57.688 INFO: Loading checkpoint: /Users/jameszhao/Desktop/mace/mace-api/MACE_Freeze/runs_web/f426b92e-f8ac-4686-a430-a269d4a82aac/iter_00/c1/checkpoints/c1_run-1_epoch-0.pt
2026-02-19 23:49:57.697 INFO: Loaded Stage one model from epoch 0 for evaluation
2026-02-19 23:49:57.697 INFO: Saving model to /Users/jameszhao/Desktop/mace/mace-api/MACE_Freeze/runs_web/f426b92e-f8ac-4686-a430-a269d4a82aac/iter_00/c1/checkpoints/c1_run-1.model
2026-02-19 23:49:57.773 INFO: Compiling model, saving metadata to /Users/jameszhao/Desktop/mace/mace-api/MACE_Freeze/runs_web/f426b92e-f8ac-4686-a430-a269d4a82aac/iter_00/c1/c1_compiled.model
2026-02-19 23:49:58.017 INFO: Computing metrics for training, validation, and test sets
2026-02-19 23:49:58.018 INFO: Skipping evaluation for heads: ['pt_head']
2026-02-19 23:49:58.018 INFO: Evaluating train_Default ...
2026-02-19 23:51:12.924 INFO: Evaluating valid_Default ...
2026-02-19 23:51:23.497 INFO: Error-table on TRAIN and VALID:
+---------------+--------------------+-----------------+------------------+
|  config_type  | MAE E / meV / atom | MAE F / meV / A | relative F MAE % |
+---------------+--------------------+-----------------+------------------+
| train_Default |          10.7      |          2.9    |        10.47     |
| valid_Default |          10.6      |          2.8    |         9.72     |
+---------------+--------------------+-----------------+------------------+
2026-02-19 23:51:23.669 INFO: Done
