2026-02-19 23:45:01.943 INFO: ===========VERIFYING SETTINGS===========
2026-02-19 23:45:01.943 INFO: Stage Two is activated as start_stage_two was defined
2026-02-19 23:45:01.943 INFO: MACE version: 0.3.14
2026-02-19 23:45:01.943 DEBUG: Configuration: Namespace(config=None, name='c1', seed=1, work_dir='/Users/jameszhao/Desktop/mace/mace-api/MACE_Freeze/runs_web/f426b92e-f8ac-4686-a430-a269d4a82aac/iter_00/c1', log_dir='/Users/jameszhao/Desktop/mace/mace-api/MACE_Freeze/runs_web/f426b92e-f8ac-4686-a430-a269d4a82aac/iter_00/c1/logs', model_dir='/Users/jameszhao/Desktop/mace/mace-api/MACE_Freeze/runs_web/f426b92e-f8ac-4686-a430-a269d4a82aac/iter_00/c1', checkpoints_dir='/Users/jameszhao/Desktop/mace/mace-api/MACE_Freeze/runs_web/f426b92e-f8ac-4686-a430-a269d4a82aac/iter_00/c1/checkpoints', results_dir='/Users/jameszhao/Desktop/mace/mace-api/MACE_Freeze/runs_web/f426b92e-f8ac-4686-a430-a269d4a82aac/iter_00/c1/results', downloads_dir='/Users/jameszhao/Desktop/mace/mace-api/MACE_Freeze/runs_web/f426b92e-f8ac-4686-a430-a269d4a82aac/iter_00/c1/downloads', device='cpu', default_dtype='float64', distributed=False, launcher='slurm', log_level='INFO', plot=True, plot_frequency=0, plot_interaction_e=False, error_table='PerAtomMAE', model='MACE', r_max=6.0, radial_type='bessel', num_radial_basis=8, num_cutoff_basis=5, pair_repulsion=False, distance_transform='None', apply_cutoff=True, use_last_readout_only=False, use_embedding_readout=False, interaction='RealAgnosticResidualInteractionBlock', interaction_first='RealAgnosticResidualInteractionBlock', max_ell=3, correlation=3, use_reduced_cg=False, use_so3=False, use_agnostic_product=False, num_interactions=2, MLP_irreps='16x0e', radial_MLP='[64, 64, 64]', hidden_irreps=64x0e, edge_irreps=None, num_channels=64, max_L=0, gate='silu', scaling='rms_forces_scaling', avg_num_neighbors=1, compute_avg_num_neighbors=True, compute_stress=False, compute_forces=True, compute_polarizability=<function str2bool at 0x1182cc900>, compute_atomic_dipole=<function str2bool at 0x1182cc900>, train_file='/Users/jameszhao/Desktop/mace/mace-api/MACE_Freeze/runs_web/f426b92e-f8ac-4686-a430-a269d4a82aac/data/train.xyz', valid_file='/Users/jameszhao/Desktop/mace/mace-api/MACE_Freeze/runs_web/f426b92e-f8ac-4686-a430-a269d4a82aac/data/valid.xyz', valid_fraction=0.1, test_file=None, test_dir=None, multi_processed_test=False, num_workers=0, pin_memory=True, atomic_numbers=None, mean=None, std=None, statistics_file=None, les_arguments=None, E0s='average', pseudolabel_replay=False, foundation_filter_elements=True, heads=None, multiheads_finetuning=True, foundation_head=None, weight_pt_head=1.0, real_pt_data_ratio_threshold=0.1, num_samples_pt=10000, force_mh_ft_lr=False, subselect_pt='random', filter_type_pt='none', allow_random_padding_pt=True, pt_train_file=None, pt_valid_file=None, foundation_model_elements=False, keep_isolated_atoms=False, energy_key='TotEnergy', forces_key='force', virials_key='REF_virials', stress_key='REF_stress', dipole_key='dipole', polarizability_key='polarizability', head_key='head', charges_key='REF_charges', elec_temp_key='elec_temp', total_spin_key='total_spin', total_charge_key='total_charge', embedding_specs=None, skip_evaluate_heads='pt_head', loss='weighted', forces_weight=1000.0, swa_forces_weight=100.0, energy_weight=10.0, swa_energy_weight=1000.0, virials_weight=1.0, swa_virials_weight=10.0, stress_weight=1.0, swa_stress_weight=10.0, dipole_weight=1.0, swa_dipole_weight=1.0, swa_polarizability_weight=1.0, polarizability_weight=1.0, config_type_weights='{"Default":1.0}', huber_delta=0.01, optimizer='adam', beta=0.9, batch_size=2, valid_batch_size=4, lr=0.01, swa_lr=0.001, weight_decay=5e-07, amsgrad=True, scheduler='ReduceLROnPlateau', lr_factor=0.8, scheduler_patience=15, lr_scheduler_gamma=0.9993, swa=True, start_swa=1, lbfgs=False, ema=True, ema_decay=0.99, max_num_epochs=1, patience=30, foundation_model=None, foundation_model_readout=True, eval_interval=4, keep_checkpoints=False, save_all_checkpoints=False, restart_latest=True, save_cpu=True, clip_grad=10.0, dry_run=False, enable_cueq=False, only_cueq=False, enable_oeq=False, wandb=False, wandb_dir=None, wandb_project='', wandb_entity='', wandb_name='', wandb_log_hypers=['num_channels', 'max_L', 'correlation', 'lr', 'swa_lr', 'weight_decay', 'batch_size', 'max_num_epochs', 'start_swa', 'energy_weight', 'forces_weight'], key_specification=KeySpecification(info_keys={'energy': 'TotEnergy', 'stress': 'REF_stress', 'virials': 'REF_virials', 'dipole': 'dipole', 'head': 'head', 'elec_temp': 'elec_temp', 'total_charge': 'total_charge', 'polarizability': 'polarizability', 'total_spin': 'total_spin'}, arrays_keys={'forces': 'force', 'charges': 'REF_charges'}))
2026-02-19 23:45:01.944 INFO: Using CPU
2026-02-19 23:45:01.964 DEBUG: Popen(['git', 'version'], cwd=/Users/jameszhao/Desktop/mace/mace-api/MACE_Freeze, stdin=None, shell=False, universal_newlines=False)
2026-02-19 23:45:01.982 DEBUG: Popen(['git', 'version'], cwd=/Users/jameszhao/Desktop/mace/mace-api/MACE_Freeze, stdin=None, shell=False, universal_newlines=False)
2026-02-19 23:45:01.998 DEBUG: sys.platform='darwin', git_executable='git'
2026-02-19 23:45:01.999 DEBUG: Popen(['git', 'cat-file', '--batch-check'], cwd=/Users/jameszhao/Desktop/mace, stdin=<valid stream>, shell=False, universal_newlines=False)
2026-02-19 23:45:02.015 DEBUG: Current Git commit: ce58de6c40b478bc6767375f0eb2584d99ce5547
2026-02-19 23:45:02.015 INFO: ===========LOADING INPUT DATA===========
2026-02-19 23:45:02.015 INFO: Using heads: ['Default']
2026-02-19 23:45:02.015 INFO: Using the key specifications to parse data:
2026-02-19 23:45:02.015 INFO: Default: KeySpecification(info_keys={'energy': 'TotEnergy', 'stress': 'REF_stress', 'virials': 'REF_virials', 'dipole': 'dipole', 'head': 'head', 'elec_temp': 'elec_temp', 'total_charge': 'total_charge', 'polarizability': 'polarizability', 'total_spin': 'total_spin'}, arrays_keys={'forces': 'force', 'charges': 'REF_charges'})
2026-02-19 23:45:02.015 INFO: =============    Processing head Default     ===========
2026-02-19 23:45:02.016 DEBUG: Loading training file: /Users/jameszhao/Desktop/mace/mace-api/MACE_Freeze/runs_web/f426b92e-f8ac-4686-a430-a269d4a82aac/data/train.xyz
2026-02-19 23:45:02.354 INFO: Training set 1/1 [energy: 1116, stress: 0, virials: 0, dipole components: 0, head: 1116, elec_temp: 0, total_charge: 0, polarizability: 0, total_spin: 0, forces: 1116, charges: 0]
2026-02-19 23:45:02.356 INFO: Total Training set [energy: 1116, stress: 0, virials: 0, dipole components: 0, head: 1116, elec_temp: 0, total_charge: 0, polarizability: 0, total_spin: 0, forces: 1116, charges: 0]
2026-02-19 23:45:02.412 INFO: Validation set 1/1 [energy: 159, stress: 0, virials: 0, dipole components: 0, head: 159, elec_temp: 0, total_charge: 0, polarizability: 0, total_spin: 0, forces: 159, charges: 0]
2026-02-19 23:45:02.412 INFO: Total Validation set [energy: 159, stress: 0, virials: 0, dipole components: 0, head: 159, elec_temp: 0, total_charge: 0, polarizability: 0, total_spin: 0, forces: 159, charges: 0]
2026-02-19 23:45:02.412 INFO: Total number of configurations: train=1116, valid=159, tests=[],
2026-02-19 23:45:02.423 INFO: Atomic Numbers used: [np.int64(1), np.int64(8)]
2026-02-19 23:45:02.423 INFO: Isolated Atomic Energies (E0s) not in training file, using command line argument
2026-02-19 23:45:02.423 INFO: Computing average Atomic Energies using least squares regression
2026-02-19 23:45:02.425 INFO: Atomic Energies used (z: eV) for head Default: {1: -6.894315756608428, 8: -3.4471578783042047}
2026-02-19 23:45:02.425 INFO: Processing datasets for head 'Default'
2026-02-19 23:45:02.867 DEBUG: Successfully loaded dataset from ASE files: ['/Users/jameszhao/Desktop/mace/mace-api/MACE_Freeze/runs_web/f426b92e-f8ac-4686-a430-a269d4a82aac/data/train.xyz']
2026-02-19 23:45:02.867 INFO: Combining 1 list datasets for head 'Default'
2026-02-19 23:45:02.929 DEBUG: Successfully loaded validation dataset from ASE files: ['/Users/jameszhao/Desktop/mace/mace-api/MACE_Freeze/runs_web/f426b92e-f8ac-4686-a430-a269d4a82aac/data/valid.xyz']
2026-02-19 23:45:02.929 INFO: Combining 1 list datasets for head 'Default_valid'
2026-02-19 23:45:02.929 INFO: Combined validation datasets for Default
2026-02-19 23:45:02.929 INFO: Head 'Default' training dataset size: 1116
2026-02-19 23:45:02.930 INFO: Computing average number of neighbors
2026-02-19 23:45:03.180 INFO: Average number of neighbors: 10.35154383213859
2026-02-19 23:45:03.180 INFO: During training the following quantities will be reported: energy, forces
2026-02-19 23:45:03.180 INFO: ===========MODEL DETAILS===========
2026-02-19 23:45:03.368 INFO: Building model
2026-02-19 23:45:03.368 INFO: Message passing with 64 channels and max_L=0 (64x0e)
2026-02-19 23:45:03.368 INFO: 2 layers, each with correlation order: 3 (body order: 4) and spherical harmonics up to: l=3
2026-02-19 23:45:03.368 INFO: 8 radial and 5 basis functions
2026-02-19 23:45:03.368 INFO: Radial cutoff: 6.0 A (total receptive field for each atom: 12.0 A)
2026-02-19 23:45:03.368 INFO: Distance transform for radial basis functions: None
2026-02-19 23:45:03.368 INFO: Hidden irreps: 64x0e
2026-02-19 23:45:03.729 DEBUG: ScaleShiftMACE(
  (node_embedding): LinearNodeEmbeddingBlock(
    (linear): Linear(2x0e -> 64x0e | 128 weights)
  )
  (radial_embedding): RadialEmbeddingBlock(
    (bessel_fn): BesselBasis(r_max=6.0, num_basis=8, trainable=False)
    (cutoff_fn): PolynomialCutoff(p=5, r_max=6.0)
  )
  (spherical_harmonics): SphericalHarmonics()
  (atomic_energies_fn): AtomicEnergiesBlock(energies=[[-6.8943, -3.4472]])
  (interactions): ModuleList(
    (0): RealAgnosticInteractionBlock(
      (linear_up): Linear(64x0e -> 64x0e | 4096 weights)
      (conv_tp): TensorProduct(64x0e x 1x0e+1x1o+1x2e+1x3o -> 64x0e+64x1o+64x2e+64x3o | 256 paths | 256 weights)
      (conv_tp_weights): FullyConnectedNet[8, 64, 64, 64, 256]
      (linear): Linear(64x0e+64x1o+64x2e+64x3o -> 64x0e+64x1o+64x2e+64x3o | 16384 weights)
      (skip_tp): FullyConnectedTensorProduct(64x0e+64x1o+64x2e+64x3o x 2x0e -> 64x0e+64x1o+64x2e+64x3o | 32768 paths | 32768 weights)
      (reshape): reshape_irreps()
    )
    (1): RealAgnosticResidualInteractionBlock(
      (linear_up): Linear(64x0e -> 64x0e | 4096 weights)
      (conv_tp): TensorProduct(64x0e x 1x0e+1x1o+1x2e+1x3o -> 64x0e+64x1o+64x2e+64x3o | 256 paths | 256 weights)
      (conv_tp_weights): FullyConnectedNet[8, 64, 64, 64, 256]
      (linear): Linear(64x0e+64x1o+64x2e+64x3o -> 64x0e+64x1o+64x2e+64x3o | 16384 weights)
      (skip_tp): FullyConnectedTensorProduct(64x0e x 2x0e -> 64x0e | 8192 paths | 8192 weights)
      (reshape): reshape_irreps()
    )
  )
  (products): ModuleList(
    (0-1): 2 x EquivariantProductBasisBlock(
      (symmetric_contractions): SymmetricContraction(
        (contractions): ModuleList(
          (0): Contraction(
            (contractions_weighting): ModuleList(
              (0-1): 2 x GraphModule()
            )
            (contractions_features): ModuleList(
              (0-1): 2 x GraphModule()
            )
            (weights): ParameterList(
                (0): Parameter containing: [torch.float64 of size 2x4x64]
                (1): Parameter containing: [torch.float64 of size 2x1x64]
            )
            (graph_opt_main): GraphModule()
          )
        )
      )
      (linear): Linear(64x0e -> 64x0e | 4096 weights)
    )
  )
  (readouts): ModuleList(
    (0): LinearReadoutBlock(
      (linear): Linear(64x0e -> 1x0e | 64 weights)
    )
    (1): NonLinearReadoutBlock(
      (linear_1): Linear(64x0e -> 16x0e | 1024 weights)
      (non_linearity): Activation [x] (16x0e -> 16x0e)
      (linear_2): Linear(16x0e -> 1x0e | 16 weights)
    )
  )
  (scale_shift): ScaleShiftBlock(scale=0.0438, shift=0.0000)
)
2026-02-19 23:45:03.729 INFO: Total number of parameters: 148688
2026-02-19 23:45:03.729 INFO: 
2026-02-19 23:45:03.729 INFO: ===========OPTIMIZER INFORMATION===========
2026-02-19 23:45:03.730 INFO: Using ADAM as parameter optimizer
2026-02-19 23:45:03.730 INFO: Batch size: 2
2026-02-19 23:45:03.730 INFO: Using Exponential Moving Average with decay: 0.99
2026-02-19 23:45:03.730 INFO: Number of gradient updates: 558
2026-02-19 23:45:03.730 INFO: Learning rate: 0.01, weight decay: 5e-07
2026-02-19 23:45:03.730 INFO: WeightedEnergyForcesLoss(energy_weight=10.000, forces_weight=1000.000)
2026-02-19 23:45:03.730 WARNING: Start Stage Two must be less than max_num_epochs, got 1 > 1
2026-02-19 23:45:03.730 INFO: Stage Two (after 1 epochs) with loss function: WeightedEnergyForcesLoss(energy_weight=1000.000, forces_weight=100.000), with energy weight : 1000.0, forces weight : 100.0 and learning rate : 0.001
2026-02-19 23:45:03.766 WARNING: No SWA checkpoint found, while SWA is enabled. Compare the swa_start parameter and the latest checkpoint.
2026-02-19 23:45:03.766 INFO: Loading checkpoint: /Users/jameszhao/Desktop/mace/mace-api/MACE_Freeze/runs_web/f426b92e-f8ac-4686-a430-a269d4a82aac/iter_00/c1/checkpoints/c1_run-1_epoch-0.pt
2026-02-19 23:45:03.771 INFO: Using gradient clipping with tolerance=10.000
2026-02-19 23:45:03.771 INFO: 
2026-02-19 23:45:03.771 INFO: ===========TRAINING===========
2026-02-19 23:45:03.771 INFO: Started training, reporting errors on validation set
2026-02-19 23:45:03.771 INFO: Loss metrics on validation set
2026-02-19 23:45:14.517 INFO: Initial: head: Default, loss=0.00996299, MAE_E_per_atom=   22.94 meV, MAE_F=    3.34 meV / A
2026-02-19 23:48:27.673 INFO: Epoch 0: head: Default, loss=0.00640529, MAE_E_per_atom=   10.59 meV, MAE_F=    2.76 meV / A
2026-02-19 23:48:27.676 DEBUG: Saving checkpoint: /Users/jameszhao/Desktop/mace/mace-api/MACE_Freeze/runs_web/f426b92e-f8ac-4686-a430-a269d4a82aac/iter_00/c1/checkpoints/c1_run-1_epoch-0.pt
2026-02-19 23:48:27.682 INFO: Training complete
2026-02-19 23:48:27.682 INFO: 
2026-02-19 23:48:27.682 INFO: ===========RESULTS===========
2026-02-19 23:48:27.682 INFO: Loading checkpoint: /Users/jameszhao/Desktop/mace/mace-api/MACE_Freeze/runs_web/f426b92e-f8ac-4686-a430-a269d4a82aac/iter_00/c1/checkpoints/c1_run-1_epoch-0.pt
2026-02-19 23:48:27.687 INFO: Loaded Stage one model from epoch 0 for evaluation
2026-02-19 23:48:27.687 INFO: Saving model to /Users/jameszhao/Desktop/mace/mace-api/MACE_Freeze/runs_web/f426b92e-f8ac-4686-a430-a269d4a82aac/iter_00/c1/checkpoints/c1_run-1.model
2026-02-19 23:48:27.757 INFO: Compiling model, saving metadata to /Users/jameszhao/Desktop/mace/mace-api/MACE_Freeze/runs_web/f426b92e-f8ac-4686-a430-a269d4a82aac/iter_00/c1/c1_compiled.model
2026-02-19 23:48:28.007 INFO: Computing metrics for training, validation, and test sets
2026-02-19 23:48:28.008 INFO: Skipping evaluation for heads: ['pt_head']
2026-02-19 23:48:28.008 INFO: Evaluating train_Default ...
2026-02-19 23:49:46.191 INFO: Evaluating valid_Default ...
2026-02-19 23:49:57.514 INFO: Error-table on TRAIN and VALID:
+---------------+--------------------+-----------------+------------------+
|  config_type  | MAE E / meV / atom | MAE F / meV / A | relative F MAE % |
+---------------+--------------------+-----------------+------------------+
| train_Default |          10.7      |          2.9    |        10.47     |
| valid_Default |          10.6      |          2.8    |         9.72     |
+---------------+--------------------+-----------------+------------------+
2026-02-19 23:49:57.514 DEBUG: Running inference on train_Default dataset
2026-02-19 23:49:57.687 DEBUG: Plotting failed: too many indices for tensor of dimension 1
2026-02-19 23:49:57.688 INFO: Loading checkpoint: /Users/jameszhao/Desktop/mace/mace-api/MACE_Freeze/runs_web/f426b92e-f8ac-4686-a430-a269d4a82aac/iter_00/c1/checkpoints/c1_run-1_epoch-0.pt
2026-02-19 23:49:57.697 INFO: Loaded Stage one model from epoch 0 for evaluation
2026-02-19 23:49:57.697 INFO: Saving model to /Users/jameszhao/Desktop/mace/mace-api/MACE_Freeze/runs_web/f426b92e-f8ac-4686-a430-a269d4a82aac/iter_00/c1/checkpoints/c1_run-1.model
2026-02-19 23:49:57.773 INFO: Compiling model, saving metadata to /Users/jameszhao/Desktop/mace/mace-api/MACE_Freeze/runs_web/f426b92e-f8ac-4686-a430-a269d4a82aac/iter_00/c1/c1_compiled.model
2026-02-19 23:49:58.017 INFO: Computing metrics for training, validation, and test sets
2026-02-19 23:49:58.018 INFO: Skipping evaluation for heads: ['pt_head']
2026-02-19 23:49:58.018 INFO: Evaluating train_Default ...
2026-02-19 23:51:12.924 INFO: Evaluating valid_Default ...
2026-02-19 23:51:23.497 INFO: Error-table on TRAIN and VALID:
+---------------+--------------------+-----------------+------------------+
|  config_type  | MAE E / meV / atom | MAE F / meV / A | relative F MAE % |
+---------------+--------------------+-----------------+------------------+
| train_Default |          10.7      |          2.9    |        10.47     |
| valid_Default |          10.6      |          2.8    |         9.72     |
+---------------+--------------------+-----------------+------------------+
2026-02-19 23:51:23.497 DEBUG: Running inference on train_Default dataset
2026-02-19 23:51:23.669 DEBUG: Plotting failed: too many indices for tensor of dimension 1
2026-02-19 23:51:23.669 INFO: Done
