2026-02-20 10:08:34.627 INFO: ===========VERIFYING SETTINGS===========
2026-02-20 10:08:34.627 INFO: Stage Two is activated as start_stage_two was defined
2026-02-20 10:08:34.627 INFO: MACE version: 0.3.14
2026-02-20 10:08:34.627 INFO: Using CPU
2026-02-20 10:08:34.742 INFO: ===========LOADING INPUT DATA===========
2026-02-20 10:08:34.742 INFO: Using heads: ['Default']
2026-02-20 10:08:34.742 INFO: Using the key specifications to parse data:
2026-02-20 10:08:34.743 INFO: Default: KeySpecification(info_keys={'energy': 'TotEnergy', 'stress': 'REF_stress', 'virials': 'REF_virials', 'dipole': 'dipole', 'head': 'head', 'elec_temp': 'elec_temp', 'total_charge': 'total_charge', 'polarizability': 'polarizability', 'total_spin': 'total_spin'}, arrays_keys={'forces': 'force', 'charges': 'REF_charges'})
2026-02-20 10:08:34.743 INFO: =============    Processing head Default     ===========
2026-02-20 10:08:35.082 INFO: Training set 1/1 [energy: 1116, stress: 0, virials: 0, dipole components: 0, head: 1116, elec_temp: 0, total_charge: 0, polarizability: 0, total_spin: 0, forces: 1116, charges: 0]
2026-02-20 10:08:35.083 INFO: Total Training set [energy: 1116, stress: 0, virials: 0, dipole components: 0, head: 1116, elec_temp: 0, total_charge: 0, polarizability: 0, total_spin: 0, forces: 1116, charges: 0]
2026-02-20 10:08:35.135 INFO: Validation set 1/1 [energy: 159, stress: 0, virials: 0, dipole components: 0, head: 159, elec_temp: 0, total_charge: 0, polarizability: 0, total_spin: 0, forces: 159, charges: 0]
2026-02-20 10:08:35.136 INFO: Total Validation set [energy: 159, stress: 0, virials: 0, dipole components: 0, head: 159, elec_temp: 0, total_charge: 0, polarizability: 0, total_spin: 0, forces: 159, charges: 0]
2026-02-20 10:08:35.136 INFO: Total number of configurations: train=1116, valid=159, tests=[],
2026-02-20 10:08:35.149 INFO: Atomic Numbers used: [np.int64(1), np.int64(8)]
2026-02-20 10:08:35.149 INFO: Isolated Atomic Energies (E0s) not in training file, using command line argument
2026-02-20 10:08:35.149 INFO: Computing average Atomic Energies using least squares regression
2026-02-20 10:08:35.151 INFO: Atomic Energies used (z: eV) for head Default: {1: -6.894315756608428, 8: -3.4471578783042047}
2026-02-20 10:08:35.151 INFO: Processing datasets for head 'Default'
2026-02-20 10:08:35.678 INFO: Combining 1 list datasets for head 'Default'
2026-02-20 10:08:35.742 INFO: Combining 1 list datasets for head 'Default_valid'
2026-02-20 10:08:35.742 INFO: Combined validation datasets for Default
2026-02-20 10:08:35.742 INFO: Head 'Default' training dataset size: 1116
2026-02-20 10:08:35.744 INFO: Computing average number of neighbors
2026-02-20 10:08:36.200 INFO: Average number of neighbors: 10.35154383213859
2026-02-20 10:08:36.200 INFO: During training the following quantities will be reported: energy, forces
2026-02-20 10:08:36.200 INFO: ===========MODEL DETAILS===========
2026-02-20 10:08:36.426 INFO: Building model
2026-02-20 10:08:36.427 INFO: Message passing with 64 channels and max_L=0 (64x0e)
2026-02-20 10:08:36.427 INFO: 2 layers, each with correlation order: 3 (body order: 4) and spherical harmonics up to: l=3
2026-02-20 10:08:36.427 INFO: 8 radial and 5 basis functions
2026-02-20 10:08:36.427 INFO: Radial cutoff: 6.0 A (total receptive field for each atom: 12.0 A)
2026-02-20 10:08:36.427 INFO: Distance transform for radial basis functions: None
2026-02-20 10:08:36.427 INFO: Hidden irreps: 64x0e
2026-02-20 10:08:36.845 INFO: Total number of parameters: 148688
2026-02-20 10:08:36.845 INFO: 
2026-02-20 10:08:36.845 INFO: ===========OPTIMIZER INFORMATION===========
2026-02-20 10:08:36.845 INFO: Using ADAM as parameter optimizer
2026-02-20 10:08:36.845 INFO: Batch size: 2
2026-02-20 10:08:36.845 INFO: Using Exponential Moving Average with decay: 0.99
2026-02-20 10:08:36.845 INFO: Number of gradient updates: 1116
2026-02-20 10:08:36.845 INFO: Learning rate: 0.01, weight decay: 5e-07
2026-02-20 10:08:36.845 INFO: WeightedEnergyForcesLoss(energy_weight=10.000, forces_weight=1000.000)
2026-02-20 10:08:36.846 INFO: Stage Two (after 1 epochs) with loss function: WeightedEnergyForcesLoss(energy_weight=1000.000, forces_weight=100.000), with energy weight : 1000.0, forces weight : 100.0 and learning rate : 0.001
2026-02-20 10:08:36.884 WARNING: Cannot find checkpoint with tag 'base_model_run-1' in '/Users/jameszhao/Desktop/mace/mace-api/MACE_Freeze/runs_web/2bcb3415-86d9-4326-97ef-703237e70e38/base/base_model/checkpoints'
2026-02-20 10:08:36.886 INFO: Using gradient clipping with tolerance=10.000
2026-02-20 10:08:36.886 INFO: 
2026-02-20 10:08:36.886 INFO: ===========TRAINING===========
2026-02-20 10:08:36.886 INFO: Started training, reporting errors on validation set
2026-02-20 10:08:36.886 INFO: Loss metrics on validation set
2026-02-20 10:08:49.839 INFO: Initial: head: Default, loss=0.48113555, MAE_E_per_atom=    2.15 meV, MAE_F=   28.37 meV / A
2026-02-20 10:12:14.802 INFO: Epoch 0: head: Default, loss=0.00996299, MAE_E_per_atom=   22.94 meV, MAE_F=    3.34 meV / A
2026-02-20 10:12:14.834 INFO: Changing loss based on Stage Two Weights
2026-02-20 10:15:34.767 INFO: Training complete
2026-02-20 10:15:34.795 INFO: 
2026-02-20 10:15:34.796 INFO: ===========RESULTS===========
2026-02-20 10:15:34.910 INFO: Loading checkpoint: /Users/jameszhao/Desktop/mace/mace-api/MACE_Freeze/runs_web/2bcb3415-86d9-4326-97ef-703237e70e38/base/base_model/checkpoints/base_model_run-1_epoch-0.pt
2026-02-20 10:15:35.055 INFO: Loaded Stage one model from epoch 0 for evaluation
2026-02-20 10:15:35.055 INFO: Saving model to /Users/jameszhao/Desktop/mace/mace-api/MACE_Freeze/runs_web/2bcb3415-86d9-4326-97ef-703237e70e38/base/base_model/checkpoints/base_model_run-1.model
2026-02-20 10:15:35.259 INFO: Compiling model, saving metadata to /Users/jameszhao/Desktop/mace/mace-api/MACE_Freeze/runs_web/2bcb3415-86d9-4326-97ef-703237e70e38/base/base_model/base_model_compiled.model
2026-02-20 10:15:36.113 INFO: Computing metrics for training, validation, and test sets
2026-02-20 10:15:36.113 INFO: Skipping evaluation for heads: ['pt_head']
2026-02-20 10:15:36.121 INFO: Evaluating train_Default ...
2026-02-20 10:17:00.271 INFO: Evaluating valid_Default ...
2026-02-20 10:17:10.434 INFO: Error-table on TRAIN and VALID:
+---------------+--------------------+-----------------+------------------+
|  config_type  | MAE E / meV / atom | MAE F / meV / A | relative F MAE % |
+---------------+--------------------+-----------------+------------------+
| train_Default |          23.0      |          3.5    |        12.59     |
| valid_Default |          22.9      |          3.3    |        11.73     |
+---------------+--------------------+-----------------+------------------+
2026-02-20 10:17:10.586 WARNING: No SWA checkpoint found, while SWA is enabled. Compare the swa_start parameter and the latest checkpoint.
