2026-02-19 21:55:07.276 INFO: ===========VERIFYING SETTINGS===========
2026-02-19 21:55:07.277 INFO: MACE version: 0.3.14
2026-02-19 21:55:07.277 INFO: Using CPU
2026-02-19 21:55:07.356 INFO: ===========LOADING INPUT DATA===========
2026-02-19 21:55:07.356 INFO: Using heads: ['Default']
2026-02-19 21:55:07.356 INFO: Using the key specifications to parse data:
2026-02-19 21:55:07.356 INFO: Default: KeySpecification(info_keys={'energy': 'TotEnergy', 'stress': 'REF_stress', 'virials': 'REF_virials', 'dipole': 'dipole', 'head': 'head', 'elec_temp': 'elec_temp', 'total_charge': 'total_charge', 'polarizability': 'polarizability', 'total_spin': 'total_spin'}, arrays_keys={'forces': 'force', 'charges': 'REF_charges'})
2026-02-19 21:55:07.356 INFO: =============    Processing head Default     ===========
2026-02-19 21:55:07.673 INFO: Training set 1/1 [energy: 1116, stress: 0, virials: 0, dipole components: 0, head: 1116, elec_temp: 0, total_charge: 0, polarizability: 0, total_spin: 0, forces: 1116, charges: 0]
2026-02-19 21:55:07.675 INFO: Total Training set [energy: 1116, stress: 0, virials: 0, dipole components: 0, head: 1116, elec_temp: 0, total_charge: 0, polarizability: 0, total_spin: 0, forces: 1116, charges: 0]
2026-02-19 21:55:07.726 INFO: Validation set 1/1 [energy: 159, stress: 0, virials: 0, dipole components: 0, head: 159, elec_temp: 0, total_charge: 0, polarizability: 0, total_spin: 0, forces: 159, charges: 0]
2026-02-19 21:55:07.726 INFO: Total Validation set [energy: 159, stress: 0, virials: 0, dipole components: 0, head: 159, elec_temp: 0, total_charge: 0, polarizability: 0, total_spin: 0, forces: 159, charges: 0]
2026-02-19 21:55:07.726 INFO: Total number of configurations: train=1116, valid=159, tests=[],
2026-02-19 21:55:07.738 INFO: Atomic Numbers used: [np.int64(1), np.int64(8)]
2026-02-19 21:55:07.738 INFO: Isolated Atomic Energies (E0s) not in training file, using command line argument
2026-02-19 21:55:07.738 INFO: Computing average Atomic Energies using least squares regression
2026-02-19 21:55:07.740 INFO: Atomic Energies used (z: eV) for head Default: {1: -6.894315756608428, 8: -3.4471578783042047}
2026-02-19 21:55:07.740 INFO: Processing datasets for head 'Default'
2026-02-19 21:55:08.076 INFO: Combining 1 list datasets for head 'Default'
2026-02-19 21:55:08.123 INFO: Combining 1 list datasets for head 'Default_valid'
2026-02-19 21:55:08.123 INFO: Combined validation datasets for Default
2026-02-19 21:55:08.123 INFO: Head 'Default' training dataset size: 1116
2026-02-19 21:55:08.124 INFO: Computing average number of neighbors
2026-02-19 21:55:08.260 INFO: Average number of neighbors: 5.529906272888184
2026-02-19 21:55:08.260 INFO: During training the following quantities will be reported: energy, forces
2026-02-19 21:55:08.260 INFO: ===========MODEL DETAILS===========
2026-02-19 21:55:08.353 INFO: Building model
2026-02-19 21:55:08.353 INFO: Message passing with 32 channels and max_L=0 (32x0e)
2026-02-19 21:55:08.353 INFO: 1 layers, each with correlation order: 2 (body order: 3) and spherical harmonics up to: l=3
2026-02-19 21:55:08.353 INFO: 8 radial and 5 basis functions
2026-02-19 21:55:08.353 INFO: Radial cutoff: 5.0 A (total receptive field for each atom: 5.0 A)
2026-02-19 21:55:08.353 INFO: Distance transform for radial basis functions: None
2026-02-19 21:55:08.353 INFO: Hidden irreps: 32x0e
2026-02-19 21:55:08.507 INFO: Total number of parameters: 31648
2026-02-19 21:55:08.507 INFO: 
2026-02-19 21:55:08.507 INFO: ===========OPTIMIZER INFORMATION===========
2026-02-19 21:55:08.507 INFO: Using ADAM as parameter optimizer
2026-02-19 21:55:08.507 INFO: Batch size: 8
2026-02-19 21:55:08.507 INFO: Number of gradient updates: 697
2026-02-19 21:55:08.507 INFO: Learning rate: 0.01, weight decay: 5e-07
2026-02-19 21:55:08.507 INFO: WeightedEnergyForcesLoss(energy_weight=1.000, forces_weight=100.000)
2026-02-19 21:55:08.507 INFO: Using gradient clipping with tolerance=10.000
2026-02-19 21:55:08.507 INFO: 
2026-02-19 21:55:08.507 INFO: ===========TRAINING===========
2026-02-19 21:55:08.507 INFO: Started training, reporting errors on validation set
2026-02-19 21:55:08.508 INFO: Loss metrics on validation set
2026-02-19 21:55:09.953 INFO: Initial: head: Default, loss=0.02449005, RMSE_E_per_atom=    2.77 meV, RMSE_F=   44.14 meV / A
2026-02-19 21:55:36.074 INFO: Epoch 0: head: Default, loss=0.00107508, RMSE_E_per_atom=   35.88 meV, RMSE_F=    8.53 meV / A
2026-02-19 21:56:02.529 INFO: Epoch 1: head: Default, loss=0.00070199, RMSE_E_per_atom=   25.75 meV, RMSE_F=    7.03 meV / A
2026-02-19 21:56:28.165 INFO: Epoch 2: head: Default, loss=0.00069894, RMSE_E_per_atom=   24.98 meV, RMSE_F=    7.04 meV / A
2026-02-19 21:56:54.770 INFO: Epoch 3: head: Default, loss=0.00063225, RMSE_E_per_atom=   23.75 meV, RMSE_F=    6.69 meV / A
2026-02-19 21:57:21.282 INFO: Epoch 4: head: Default, loss=0.00056540, RMSE_E_per_atom=   21.26 meV, RMSE_F=    6.37 meV / A
2026-02-19 21:57:21.287 INFO: Training complete
2026-02-19 21:57:21.288 INFO: 
2026-02-19 21:57:21.288 INFO: ===========RESULTS===========
2026-02-19 21:57:21.289 INFO: Loading checkpoint: /Users/jameszhao/Desktop/mace/mace-api/MACE_Freeze/runs_web/5e53c26b-d221-4d4c-8e32-fcdb4a91e8bd/base/base_model/checkpoints/base_model_run-1_epoch-4.pt
2026-02-19 21:57:21.292 INFO: Loaded Stage one model from epoch 4 for evaluation
2026-02-19 21:57:21.292 INFO: Saving model to /Users/jameszhao/Desktop/mace/mace-api/MACE_Freeze/runs_web/5e53c26b-d221-4d4c-8e32-fcdb4a91e8bd/base/base_model/checkpoints/base_model_run-1.model
2026-02-19 21:57:21.344 INFO: Compiling model, saving metadata to /Users/jameszhao/Desktop/mace/mace-api/MACE_Freeze/runs_web/5e53c26b-d221-4d4c-8e32-fcdb4a91e8bd/base/base_model/base_model_compiled.model
2026-02-19 21:57:21.510 INFO: Computing metrics for training, validation, and test sets
2026-02-19 21:57:21.510 INFO: Skipping evaluation for heads: ['pt_head']
2026-02-19 21:57:21.510 INFO: Evaluating train_Default ...
2026-02-19 21:57:31.814 INFO: Evaluating valid_Default ...
2026-02-19 21:57:33.179 INFO: Error-table on TRAIN and VALID:
+---------------+---------------------+------------------+-------------------+
|  config_type  | RMSE E / meV / atom | RMSE F / meV / A | relative F RMSE % |
+---------------+---------------------+------------------+-------------------+
| train_Default |           21.4      |          6.4     |         14.60     |
| valid_Default |           21.3      |          6.4     |         14.53     |
+---------------+---------------------+------------------+-------------------+
2026-02-19 21:57:33.249 INFO: Done
