2026-02-19 22:48:13.972 INFO: ===========VERIFYING SETTINGS===========
2026-02-19 22:48:13.973 INFO: MACE version: 0.3.14
2026-02-19 22:48:13.976 INFO: Using CPU
2026-02-19 22:48:14.060 INFO: ===========LOADING INPUT DATA===========
2026-02-19 22:48:14.060 INFO: Using heads: ['Default']
2026-02-19 22:48:14.060 INFO: Using the key specifications to parse data:
2026-02-19 22:48:14.060 INFO: Default: KeySpecification(info_keys={'energy': 'TotEnergy', 'stress': 'REF_stress', 'virials': 'REF_virials', 'dipole': 'dipole', 'head': 'head', 'elec_temp': 'elec_temp', 'total_charge': 'total_charge', 'polarizability': 'polarizability', 'total_spin': 'total_spin'}, arrays_keys={'forces': 'force', 'charges': 'REF_charges'})
2026-02-19 22:48:14.060 INFO: =============    Processing head Default     ===========
2026-02-19 22:48:14.370 INFO: Training set 1/1 [energy: 1116, stress: 0, virials: 0, dipole components: 0, head: 1116, elec_temp: 0, total_charge: 0, polarizability: 0, total_spin: 0, forces: 1116, charges: 0]
2026-02-19 22:48:14.372 INFO: Total Training set [energy: 1116, stress: 0, virials: 0, dipole components: 0, head: 1116, elec_temp: 0, total_charge: 0, polarizability: 0, total_spin: 0, forces: 1116, charges: 0]
2026-02-19 22:48:14.422 INFO: Validation set 1/1 [energy: 159, stress: 0, virials: 0, dipole components: 0, head: 159, elec_temp: 0, total_charge: 0, polarizability: 0, total_spin: 0, forces: 159, charges: 0]
2026-02-19 22:48:14.422 INFO: Total Validation set [energy: 159, stress: 0, virials: 0, dipole components: 0, head: 159, elec_temp: 0, total_charge: 0, polarizability: 0, total_spin: 0, forces: 159, charges: 0]
2026-02-19 22:48:14.422 INFO: Total number of configurations: train=1116, valid=159, tests=[],
2026-02-19 22:48:14.433 INFO: Atomic Numbers used: [np.int64(1), np.int64(8)]
2026-02-19 22:48:14.433 INFO: Isolated Atomic Energies (E0s) not in training file, using command line argument
2026-02-19 22:48:14.433 INFO: Computing average Atomic Energies using least squares regression
2026-02-19 22:48:14.436 INFO: Atomic Energies used (z: eV) for head Default: {1: -6.894315756608428, 8: -3.4471578783042047}
2026-02-19 22:48:14.436 INFO: Processing datasets for head 'Default'
2026-02-19 22:48:14.765 INFO: Combining 1 list datasets for head 'Default'
2026-02-19 22:48:14.811 INFO: Combining 1 list datasets for head 'Default_valid'
2026-02-19 22:48:14.811 INFO: Combined validation datasets for Default
2026-02-19 22:48:14.811 INFO: Head 'Default' training dataset size: 1116
2026-02-19 22:48:14.811 INFO: Computing average number of neighbors
2026-02-19 22:48:14.944 INFO: Average number of neighbors: 5.529906272888184
2026-02-19 22:48:14.944 INFO: During training the following quantities will be reported: energy, forces
2026-02-19 22:48:14.944 INFO: ===========MODEL DETAILS===========
2026-02-19 22:48:15.036 INFO: Building model
2026-02-19 22:48:15.036 INFO: Message passing with 32 channels and max_L=0 (32x0e)
2026-02-19 22:48:15.036 INFO: 1 layers, each with correlation order: 2 (body order: 3) and spherical harmonics up to: l=3
2026-02-19 22:48:15.036 INFO: 8 radial and 5 basis functions
2026-02-19 22:48:15.036 INFO: Radial cutoff: 5.0 A (total receptive field for each atom: 5.0 A)
2026-02-19 22:48:15.036 INFO: Distance transform for radial basis functions: None
2026-02-19 22:48:15.036 INFO: Hidden irreps: 32x0e
2026-02-19 22:48:15.192 INFO: Total number of parameters: 31648
2026-02-19 22:48:15.192 INFO: 
2026-02-19 22:48:15.192 INFO: ===========OPTIMIZER INFORMATION===========
2026-02-19 22:48:15.192 INFO: Using ADAM as parameter optimizer
2026-02-19 22:48:15.192 INFO: Batch size: 8
2026-02-19 22:48:15.192 INFO: Number of gradient updates: 697
2026-02-19 22:48:15.192 INFO: Learning rate: 0.01, weight decay: 5e-07
2026-02-19 22:48:15.192 INFO: WeightedEnergyForcesLoss(energy_weight=1.000, forces_weight=100.000)
2026-02-19 22:48:15.192 INFO: Using gradient clipping with tolerance=10.000
2026-02-19 22:48:15.192 INFO: 
2026-02-19 22:48:15.192 INFO: ===========TRAINING===========
2026-02-19 22:48:15.192 INFO: Started training, reporting errors on validation set
2026-02-19 22:48:15.192 INFO: Loss metrics on validation set
2026-02-19 22:48:16.642 INFO: Initial: head: Default, loss=0.02449005, RMSE_E_per_atom=    2.77 meV, RMSE_F=   44.14 meV / A
2026-02-19 22:48:41.950 INFO: Epoch 0: head: Default, loss=0.00107508, RMSE_E_per_atom=   35.88 meV, RMSE_F=    8.53 meV / A
2026-02-19 22:49:08.255 INFO: Epoch 1: head: Default, loss=0.00070199, RMSE_E_per_atom=   25.75 meV, RMSE_F=    7.03 meV / A
2026-02-19 22:49:34.740 INFO: Epoch 2: head: Default, loss=0.00069894, RMSE_E_per_atom=   24.98 meV, RMSE_F=    7.04 meV / A
2026-02-19 22:50:01.231 INFO: Epoch 3: head: Default, loss=0.00063225, RMSE_E_per_atom=   23.75 meV, RMSE_F=    6.69 meV / A
2026-02-19 22:50:27.505 INFO: Epoch 4: head: Default, loss=0.00056540, RMSE_E_per_atom=   21.26 meV, RMSE_F=    6.37 meV / A
2026-02-19 22:50:27.509 INFO: Training complete
2026-02-19 22:50:27.509 INFO: 
2026-02-19 22:50:27.509 INFO: ===========RESULTS===========
2026-02-19 22:50:27.509 INFO: Loading checkpoint: /Users/jameszhao/Desktop/mace/mace-api/MACE_Freeze/runs_web/5d4cc065-e615-424b-9006-447ea85fec46/base/base_model/checkpoints/base_model_run-1_epoch-4.pt
2026-02-19 22:50:27.512 INFO: Loaded Stage one model from epoch 4 for evaluation
2026-02-19 22:50:27.512 INFO: Saving model to /Users/jameszhao/Desktop/mace/mace-api/MACE_Freeze/runs_web/5d4cc065-e615-424b-9006-447ea85fec46/base/base_model/checkpoints/base_model_run-1.model
2026-02-19 22:50:27.555 INFO: Compiling model, saving metadata to /Users/jameszhao/Desktop/mace/mace-api/MACE_Freeze/runs_web/5d4cc065-e615-424b-9006-447ea85fec46/base/base_model/base_model_compiled.model
2026-02-19 22:50:27.703 INFO: Computing metrics for training, validation, and test sets
2026-02-19 22:50:27.703 INFO: Skipping evaluation for heads: ['pt_head']
2026-02-19 22:50:27.703 INFO: Evaluating train_Default ...
2026-02-19 22:50:37.788 INFO: Evaluating valid_Default ...
2026-02-19 22:50:39.219 INFO: Error-table on TRAIN and VALID:
+---------------+---------------------+------------------+-------------------+
|  config_type  | RMSE E / meV / atom | RMSE F / meV / A | relative F RMSE % |
+---------------+---------------------+------------------+-------------------+
| train_Default |           21.4      |          6.4     |         14.60     |
| valid_Default |           21.3      |          6.4     |         14.53     |
+---------------+---------------------+------------------+-------------------+
2026-02-19 22:50:39.292 INFO: Done
