2026-02-19 23:20:47.819 INFO: ===========VERIFYING SETTINGS===========
2026-02-19 23:20:47.819 INFO: MACE version: 0.3.14
2026-02-19 23:20:47.819 INFO: Using CPU
2026-02-19 23:20:47.890 INFO: ===========LOADING INPUT DATA===========
2026-02-19 23:20:47.890 INFO: Using heads: ['Default']
2026-02-19 23:20:47.890 INFO: Using the key specifications to parse data:
2026-02-19 23:20:47.890 INFO: Default: KeySpecification(info_keys={'energy': 'TotEnergy', 'stress': 'REF_stress', 'virials': 'REF_virials', 'dipole': 'dipole', 'head': 'head', 'elec_temp': 'elec_temp', 'total_charge': 'total_charge', 'polarizability': 'polarizability', 'total_spin': 'total_spin'}, arrays_keys={'forces': 'force', 'charges': 'REF_charges'})
2026-02-19 23:20:47.890 INFO: =============    Processing head Default     ===========
2026-02-19 23:20:48.230 INFO: Training set 1/1 [energy: 1116, stress: 0, virials: 0, dipole components: 0, head: 1116, elec_temp: 0, total_charge: 0, polarizability: 0, total_spin: 0, forces: 1116, charges: 0]
2026-02-19 23:20:48.231 INFO: Total Training set [energy: 1116, stress: 0, virials: 0, dipole components: 0, head: 1116, elec_temp: 0, total_charge: 0, polarizability: 0, total_spin: 0, forces: 1116, charges: 0]
2026-02-19 23:20:48.283 INFO: Validation set 1/1 [energy: 159, stress: 0, virials: 0, dipole components: 0, head: 159, elec_temp: 0, total_charge: 0, polarizability: 0, total_spin: 0, forces: 159, charges: 0]
2026-02-19 23:20:48.283 INFO: Total Validation set [energy: 159, stress: 0, virials: 0, dipole components: 0, head: 159, elec_temp: 0, total_charge: 0, polarizability: 0, total_spin: 0, forces: 159, charges: 0]
2026-02-19 23:20:48.283 INFO: Total number of configurations: train=1116, valid=159, tests=[],
2026-02-19 23:20:48.294 INFO: Atomic Numbers used: [np.int64(1), np.int64(8)]
2026-02-19 23:20:48.294 INFO: Isolated Atomic Energies (E0s) not in training file, using command line argument
2026-02-19 23:20:48.294 INFO: Computing average Atomic Energies using least squares regression
2026-02-19 23:20:48.296 INFO: Atomic Energies used (z: eV) for head Default: {1: -6.894315756608428, 8: -3.4471578783042047}
2026-02-19 23:20:48.296 INFO: Processing datasets for head 'Default'
2026-02-19 23:20:48.617 INFO: Combining 1 list datasets for head 'Default'
2026-02-19 23:20:48.664 INFO: Combining 1 list datasets for head 'Default_valid'
2026-02-19 23:20:48.664 INFO: Combined validation datasets for Default
2026-02-19 23:20:48.664 INFO: Head 'Default' training dataset size: 1116
2026-02-19 23:20:48.665 INFO: Computing average number of neighbors
2026-02-19 23:20:48.789 INFO: Average number of neighbors: 5.529906272888184
2026-02-19 23:20:48.789 INFO: During training the following quantities will be reported: energy, forces
2026-02-19 23:20:48.789 INFO: ===========MODEL DETAILS===========
2026-02-19 23:20:48.874 INFO: Building model
2026-02-19 23:20:48.874 INFO: Message passing with 32 channels and max_L=0 (32x0e)
2026-02-19 23:20:48.874 INFO: 1 layers, each with correlation order: 2 (body order: 3) and spherical harmonics up to: l=3
2026-02-19 23:20:48.874 INFO: 8 radial and 5 basis functions
2026-02-19 23:20:48.874 INFO: Radial cutoff: 5.0 A (total receptive field for each atom: 5.0 A)
2026-02-19 23:20:48.874 INFO: Distance transform for radial basis functions: None
2026-02-19 23:20:48.874 INFO: Hidden irreps: 32x0e
2026-02-19 23:20:49.017 INFO: Total number of parameters: 31648
2026-02-19 23:20:49.018 INFO: 
2026-02-19 23:20:49.018 INFO: ===========OPTIMIZER INFORMATION===========
2026-02-19 23:20:49.018 INFO: Using ADAM as parameter optimizer
2026-02-19 23:20:49.018 INFO: Batch size: 8
2026-02-19 23:20:49.018 INFO: Number of gradient updates: 139
2026-02-19 23:20:49.018 INFO: Learning rate: 0.01, weight decay: 5e-07
2026-02-19 23:20:49.018 INFO: WeightedEnergyForcesLoss(energy_weight=1.000, forces_weight=100.000)
2026-02-19 23:20:49.018 WARNING: No SWA checkpoint found, while SWA is enabled. Compare the swa_start parameter and the latest checkpoint.
2026-02-19 23:20:49.018 INFO: Loading checkpoint: /Users/jameszhao/Desktop/mace/mace-api/MACE_Freeze/runs_web/633fb9cd-e971-4156-9449-f4993ad63701/iter_00/c1/checkpoints/c1_run-1_epoch-0.pt
2026-02-19 23:20:49.021 INFO: Using gradient clipping with tolerance=10.000
2026-02-19 23:20:49.021 INFO: 
2026-02-19 23:20:49.021 INFO: ===========TRAINING===========
2026-02-19 23:20:49.021 INFO: Started training, reporting errors on validation set
2026-02-19 23:20:49.021 INFO: Loss metrics on validation set
2026-02-19 23:20:50.372 INFO: Initial: head: Default, loss=0.00107508, RMSE_E_per_atom=   35.88 meV, RMSE_F=    8.53 meV / A
2026-02-19 23:21:14.212 INFO: Epoch 0: head: Default, loss=0.00071629, RMSE_E_per_atom=   25.95 meV, RMSE_F=    7.10 meV / A
2026-02-19 23:21:14.215 INFO: Training complete
2026-02-19 23:21:14.215 INFO: 
2026-02-19 23:21:14.215 INFO: ===========RESULTS===========
2026-02-19 23:21:14.215 INFO: Loading checkpoint: /Users/jameszhao/Desktop/mace/mace-api/MACE_Freeze/runs_web/633fb9cd-e971-4156-9449-f4993ad63701/iter_00/c1/checkpoints/c1_run-1_epoch-0.pt
2026-02-19 23:21:14.217 INFO: Loaded Stage one model from epoch 0 for evaluation
2026-02-19 23:21:14.217 INFO: Saving model to /Users/jameszhao/Desktop/mace/mace-api/MACE_Freeze/runs_web/633fb9cd-e971-4156-9449-f4993ad63701/iter_00/c1/checkpoints/c1_run-1.model
2026-02-19 23:21:14.257 INFO: Compiling model, saving metadata to /Users/jameszhao/Desktop/mace/mace-api/MACE_Freeze/runs_web/633fb9cd-e971-4156-9449-f4993ad63701/iter_00/c1/c1_compiled.model
2026-02-19 23:21:14.407 INFO: Computing metrics for training, validation, and test sets
2026-02-19 23:21:14.407 INFO: Skipping evaluation for heads: ['pt_head']
2026-02-19 23:21:14.407 INFO: Evaluating train_Default ...
2026-02-19 23:21:23.784 INFO: Evaluating valid_Default ...
2026-02-19 23:21:25.141 INFO: Error-table on TRAIN and VALID:
+---------------+---------------------+------------------+-------------------+
|  config_type  | RMSE E / meV / atom | RMSE F / meV / A | relative F RMSE % |
+---------------+---------------------+------------------+-------------------+
| train_Default |           26.1      |          7.2     |         16.37     |
| valid_Default |           26.0      |          7.1     |         16.19     |
+---------------+---------------------+------------------+-------------------+
2026-02-19 23:21:25.216 INFO: Done
