2026-02-19 22:53:12.503 INFO: ===========VERIFYING SETTINGS===========
2026-02-19 22:53:12.503 INFO: MACE version: 0.3.14
2026-02-19 22:53:12.503 INFO: Using CPU
2026-02-19 22:53:12.587 INFO: ===========LOADING INPUT DATA===========
2026-02-19 22:53:12.587 INFO: Using heads: ['Default']
2026-02-19 22:53:12.587 INFO: Using the key specifications to parse data:
2026-02-19 22:53:12.587 INFO: Default: KeySpecification(info_keys={'energy': 'TotEnergy', 'stress': 'REF_stress', 'virials': 'REF_virials', 'dipole': 'dipole', 'head': 'head', 'elec_temp': 'elec_temp', 'total_charge': 'total_charge', 'polarizability': 'polarizability', 'total_spin': 'total_spin'}, arrays_keys={'forces': 'force', 'charges': 'REF_charges'})
2026-02-19 22:53:12.587 INFO: =============    Processing head Default     ===========
2026-02-19 22:53:12.924 INFO: Training set 1/1 [energy: 1116, stress: 0, virials: 0, dipole components: 0, head: 1116, elec_temp: 0, total_charge: 0, polarizability: 0, total_spin: 0, forces: 1116, charges: 0]
2026-02-19 22:53:12.925 INFO: Total Training set [energy: 1116, stress: 0, virials: 0, dipole components: 0, head: 1116, elec_temp: 0, total_charge: 0, polarizability: 0, total_spin: 0, forces: 1116, charges: 0]
2026-02-19 22:53:12.982 INFO: Validation set 1/1 [energy: 159, stress: 0, virials: 0, dipole components: 0, head: 159, elec_temp: 0, total_charge: 0, polarizability: 0, total_spin: 0, forces: 159, charges: 0]
2026-02-19 22:53:12.983 INFO: Total Validation set [energy: 159, stress: 0, virials: 0, dipole components: 0, head: 159, elec_temp: 0, total_charge: 0, polarizability: 0, total_spin: 0, forces: 159, charges: 0]
2026-02-19 22:53:12.983 INFO: Total number of configurations: train=1116, valid=159, tests=[],
2026-02-19 22:53:12.994 INFO: Atomic Numbers used: [np.int64(1), np.int64(8)]
2026-02-19 22:53:12.994 INFO: Isolated Atomic Energies (E0s) not in training file, using command line argument
2026-02-19 22:53:12.994 INFO: Computing average Atomic Energies using least squares regression
2026-02-19 22:53:12.996 INFO: Atomic Energies used (z: eV) for head Default: {1: -6.894315756608428, 8: -3.4471578783042047}
2026-02-19 22:53:12.996 INFO: Processing datasets for head 'Default'
2026-02-19 22:53:13.328 INFO: Combining 1 list datasets for head 'Default'
2026-02-19 22:53:13.374 INFO: Combining 1 list datasets for head 'Default_valid'
2026-02-19 22:53:13.374 INFO: Combined validation datasets for Default
2026-02-19 22:53:13.374 INFO: Head 'Default' training dataset size: 1116
2026-02-19 22:53:13.375 INFO: Computing average number of neighbors
2026-02-19 22:53:13.505 INFO: Average number of neighbors: 5.529906272888184
2026-02-19 22:53:13.505 INFO: During training the following quantities will be reported: energy, forces
2026-02-19 22:53:13.505 INFO: ===========MODEL DETAILS===========
2026-02-19 22:53:13.590 INFO: Building model
2026-02-19 22:53:13.590 INFO: Message passing with 32 channels and max_L=0 (32x0e)
2026-02-19 22:53:13.590 INFO: 1 layers, each with correlation order: 2 (body order: 3) and spherical harmonics up to: l=3
2026-02-19 22:53:13.590 INFO: 8 radial and 5 basis functions
2026-02-19 22:53:13.590 INFO: Radial cutoff: 5.0 A (total receptive field for each atom: 5.0 A)
2026-02-19 22:53:13.590 INFO: Distance transform for radial basis functions: None
2026-02-19 22:53:13.590 INFO: Hidden irreps: 32x0e
2026-02-19 22:53:13.738 INFO: Total number of parameters: 31648
2026-02-19 22:53:13.738 INFO: 
2026-02-19 22:53:13.738 INFO: ===========OPTIMIZER INFORMATION===========
2026-02-19 22:53:13.738 INFO: Using ADAM as parameter optimizer
2026-02-19 22:53:13.738 INFO: Batch size: 8
2026-02-19 22:53:13.738 INFO: Number of gradient updates: 697
2026-02-19 22:53:13.738 INFO: Learning rate: 0.01, weight decay: 5e-07
2026-02-19 22:53:13.738 INFO: WeightedEnergyForcesLoss(energy_weight=1.000, forces_weight=100.000)
2026-02-19 22:53:13.739 WARNING: No SWA checkpoint found, while SWA is enabled. Compare the swa_start parameter and the latest checkpoint.
2026-02-19 22:53:13.739 INFO: Loading checkpoint: /Users/jameszhao/Desktop/mace/mace-api/MACE_Freeze/runs_web/5d4cc065-e615-424b-9006-447ea85fec46/iter_00/c1/checkpoints/c1_run-1_epoch-0.pt
2026-02-19 22:53:13.741 INFO: Using gradient clipping with tolerance=10.000
2026-02-19 22:53:13.741 INFO: 
2026-02-19 22:53:13.741 INFO: ===========TRAINING===========
2026-02-19 22:53:13.741 INFO: Started training, reporting errors on validation set
2026-02-19 22:53:13.741 INFO: Loss metrics on validation set
2026-02-19 22:53:15.134 INFO: Initial: head: Default, loss=0.00056540, RMSE_E_per_atom=   21.26 meV, RMSE_F=    6.37 meV / A
2026-02-19 22:53:39.932 INFO: Epoch 0: head: Default, loss=0.00053153, RMSE_E_per_atom=   20.01 meV, RMSE_F=    6.20 meV / A
2026-02-19 22:54:05.439 INFO: Epoch 1: head: Default, loss=0.00050818, RMSE_E_per_atom=   17.11 meV, RMSE_F=    6.13 meV / A
2026-02-19 22:54:31.421 INFO: Epoch 2: head: Default, loss=0.00050337, RMSE_E_per_atom=   15.76 meV, RMSE_F=    6.14 meV / A
2026-02-19 22:54:57.488 INFO: Epoch 3: head: Default, loss=0.00046461, RMSE_E_per_atom=   12.36 meV, RMSE_F=    5.96 meV / A
2026-02-19 22:55:23.499 INFO: Epoch 4: head: Default, loss=0.00045519, RMSE_E_per_atom=   13.92 meV, RMSE_F=    5.86 meV / A
2026-02-19 22:55:23.502 INFO: Training complete
2026-02-19 22:55:23.502 INFO: 
2026-02-19 22:55:23.502 INFO: ===========RESULTS===========
2026-02-19 22:55:23.503 INFO: Loading checkpoint: /Users/jameszhao/Desktop/mace/mace-api/MACE_Freeze/runs_web/5d4cc065-e615-424b-9006-447ea85fec46/iter_00/c1/checkpoints/c1_run-1_epoch-4.pt
2026-02-19 22:55:23.505 INFO: Loaded Stage one model from epoch 4 for evaluation
2026-02-19 22:55:23.505 INFO: Saving model to /Users/jameszhao/Desktop/mace/mace-api/MACE_Freeze/runs_web/5d4cc065-e615-424b-9006-447ea85fec46/iter_00/c1/checkpoints/c1_run-1.model
2026-02-19 22:55:23.547 INFO: Compiling model, saving metadata to /Users/jameszhao/Desktop/mace/mace-api/MACE_Freeze/runs_web/5d4cc065-e615-424b-9006-447ea85fec46/iter_00/c1/c1_compiled.model
2026-02-19 22:55:23.699 INFO: Computing metrics for training, validation, and test sets
2026-02-19 22:55:23.699 INFO: Skipping evaluation for heads: ['pt_head']
2026-02-19 22:55:23.700 INFO: Evaluating train_Default ...
2026-02-19 22:55:33.809 INFO: Evaluating valid_Default ...
2026-02-19 22:55:35.205 INFO: Error-table on TRAIN and VALID:
+---------------+---------------------+------------------+-------------------+
|  config_type  | RMSE E / meV / atom | RMSE F / meV / A | relative F RMSE % |
+---------------+---------------------+------------------+-------------------+
| train_Default |           14.0      |          5.8     |         13.24     |
| valid_Default |           13.9      |          5.9     |         13.37     |
+---------------+---------------------+------------------+-------------------+
2026-02-19 22:55:35.273 INFO: Done
