2026-02-19 23:08:14.899 INFO: ===========VERIFYING SETTINGS===========
2026-02-19 23:08:14.899 INFO: MACE version: 0.3.14
2026-02-19 23:08:14.899 INFO: Using CPU
2026-02-19 23:08:14.980 INFO: ===========LOADING INPUT DATA===========
2026-02-19 23:08:14.980 INFO: Using heads: ['Default']
2026-02-19 23:08:14.980 INFO: Using the key specifications to parse data:
2026-02-19 23:08:14.981 INFO: Default: KeySpecification(info_keys={'energy': 'TotEnergy', 'stress': 'REF_stress', 'virials': 'REF_virials', 'dipole': 'dipole', 'head': 'head', 'elec_temp': 'elec_temp', 'total_charge': 'total_charge', 'polarizability': 'polarizability', 'total_spin': 'total_spin'}, arrays_keys={'forces': 'force', 'charges': 'REF_charges'})
2026-02-19 23:08:14.981 INFO: =============    Processing head Default     ===========
2026-02-19 23:08:15.315 INFO: Training set 1/1 [energy: 1116, stress: 0, virials: 0, dipole components: 0, head: 1116, elec_temp: 0, total_charge: 0, polarizability: 0, total_spin: 0, forces: 1116, charges: 0]
2026-02-19 23:08:15.317 INFO: Total Training set [energy: 1116, stress: 0, virials: 0, dipole components: 0, head: 1116, elec_temp: 0, total_charge: 0, polarizability: 0, total_spin: 0, forces: 1116, charges: 0]
2026-02-19 23:08:15.375 INFO: Validation set 1/1 [energy: 159, stress: 0, virials: 0, dipole components: 0, head: 159, elec_temp: 0, total_charge: 0, polarizability: 0, total_spin: 0, forces: 159, charges: 0]
2026-02-19 23:08:15.375 INFO: Total Validation set [energy: 159, stress: 0, virials: 0, dipole components: 0, head: 159, elec_temp: 0, total_charge: 0, polarizability: 0, total_spin: 0, forces: 159, charges: 0]
2026-02-19 23:08:15.375 INFO: Total number of configurations: train=1116, valid=159, tests=[],
2026-02-19 23:08:15.386 INFO: Atomic Numbers used: [np.int64(1), np.int64(8)]
2026-02-19 23:08:15.387 INFO: Isolated Atomic Energies (E0s) not in training file, using command line argument
2026-02-19 23:08:15.387 INFO: Computing average Atomic Energies using least squares regression
2026-02-19 23:08:15.388 INFO: Atomic Energies used (z: eV) for head Default: {1: -6.894315756608428, 8: -3.4471578783042047}
2026-02-19 23:08:15.388 INFO: Processing datasets for head 'Default'
2026-02-19 23:08:15.709 INFO: Combining 1 list datasets for head 'Default'
2026-02-19 23:08:15.756 INFO: Combining 1 list datasets for head 'Default_valid'
2026-02-19 23:08:15.756 INFO: Combined validation datasets for Default
2026-02-19 23:08:15.756 INFO: Head 'Default' training dataset size: 1116
2026-02-19 23:08:15.757 INFO: Computing average number of neighbors
2026-02-19 23:08:15.894 INFO: Average number of neighbors: 5.529906272888184
2026-02-19 23:08:15.894 INFO: During training the following quantities will be reported: energy, forces
2026-02-19 23:08:15.894 INFO: ===========MODEL DETAILS===========
2026-02-19 23:08:15.979 INFO: Building model
2026-02-19 23:08:15.979 INFO: Message passing with 32 channels and max_L=0 (32x0e)
2026-02-19 23:08:15.979 INFO: 1 layers, each with correlation order: 2 (body order: 3) and spherical harmonics up to: l=3
2026-02-19 23:08:15.980 INFO: 8 radial and 5 basis functions
2026-02-19 23:08:15.980 INFO: Radial cutoff: 5.0 A (total receptive field for each atom: 5.0 A)
2026-02-19 23:08:15.980 INFO: Distance transform for radial basis functions: None
2026-02-19 23:08:15.980 INFO: Hidden irreps: 32x0e
2026-02-19 23:08:16.127 INFO: Total number of parameters: 31648
2026-02-19 23:08:16.127 INFO: 
2026-02-19 23:08:16.127 INFO: ===========OPTIMIZER INFORMATION===========
2026-02-19 23:08:16.127 INFO: Using ADAM as parameter optimizer
2026-02-19 23:08:16.127 INFO: Batch size: 8
2026-02-19 23:08:16.127 INFO: Number of gradient updates: 697
2026-02-19 23:08:16.127 INFO: Learning rate: 0.01, weight decay: 5e-07
2026-02-19 23:08:16.127 INFO: WeightedEnergyForcesLoss(energy_weight=1.000, forces_weight=100.000)
2026-02-19 23:08:16.127 WARNING: No SWA checkpoint found, while SWA is enabled. Compare the swa_start parameter and the latest checkpoint.
2026-02-19 23:08:16.128 INFO: Loading checkpoint: /Users/jameszhao/Desktop/mace/mace-api/MACE_Freeze/runs_web/34c44c01-18b9-4419-831c-ac2a2a35effd/iter_00/c1/checkpoints/c1_run-1_epoch-0.pt
2026-02-19 23:08:16.130 INFO: Using gradient clipping with tolerance=10.000
2026-02-19 23:08:16.131 INFO: 
2026-02-19 23:08:16.131 INFO: ===========TRAINING===========
2026-02-19 23:08:16.131 INFO: Started training, reporting errors on validation set
2026-02-19 23:08:16.131 INFO: Loss metrics on validation set
2026-02-19 23:08:17.510 INFO: Initial: head: Default, loss=0.00056540, RMSE_E_per_atom=   21.26 meV, RMSE_F=    6.37 meV / A
2026-02-19 23:08:42.630 INFO: Epoch 0: head: Default, loss=0.00053153, RMSE_E_per_atom=   20.01 meV, RMSE_F=    6.20 meV / A
2026-02-19 23:09:08.845 INFO: Epoch 1: head: Default, loss=0.00050818, RMSE_E_per_atom=   17.11 meV, RMSE_F=    6.13 meV / A
2026-02-19 23:09:35.121 INFO: Epoch 2: head: Default, loss=0.00050337, RMSE_E_per_atom=   15.76 meV, RMSE_F=    6.14 meV / A
2026-02-19 23:10:01.273 INFO: Epoch 3: head: Default, loss=0.00046461, RMSE_E_per_atom=   12.36 meV, RMSE_F=    5.96 meV / A
2026-02-19 23:10:27.250 INFO: Epoch 4: head: Default, loss=0.00045519, RMSE_E_per_atom=   13.92 meV, RMSE_F=    5.86 meV / A
2026-02-19 23:10:27.253 INFO: Training complete
2026-02-19 23:10:27.253 INFO: 
2026-02-19 23:10:27.253 INFO: ===========RESULTS===========
2026-02-19 23:10:27.253 INFO: Loading checkpoint: /Users/jameszhao/Desktop/mace/mace-api/MACE_Freeze/runs_web/34c44c01-18b9-4419-831c-ac2a2a35effd/iter_00/c1/checkpoints/c1_run-1_epoch-4.pt
2026-02-19 23:10:27.255 INFO: Loaded Stage one model from epoch 4 for evaluation
2026-02-19 23:10:27.255 INFO: Saving model to /Users/jameszhao/Desktop/mace/mace-api/MACE_Freeze/runs_web/34c44c01-18b9-4419-831c-ac2a2a35effd/iter_00/c1/checkpoints/c1_run-1.model
2026-02-19 23:10:27.295 INFO: Compiling model, saving metadata to /Users/jameszhao/Desktop/mace/mace-api/MACE_Freeze/runs_web/34c44c01-18b9-4419-831c-ac2a2a35effd/iter_00/c1/c1_compiled.model
2026-02-19 23:10:27.439 INFO: Computing metrics for training, validation, and test sets
2026-02-19 23:10:27.439 INFO: Skipping evaluation for heads: ['pt_head']
2026-02-19 23:10:27.439 INFO: Evaluating train_Default ...
2026-02-19 23:10:37.636 INFO: Evaluating valid_Default ...
2026-02-19 23:10:39.091 INFO: Error-table on TRAIN and VALID:
+---------------+---------------------+------------------+-------------------+
|  config_type  | RMSE E / meV / atom | RMSE F / meV / A | relative F RMSE % |
+---------------+---------------------+------------------+-------------------+
| train_Default |           14.0      |          5.8     |         13.24     |
| valid_Default |           13.9      |          5.9     |         13.37     |
+---------------+---------------------+------------------+-------------------+
2026-02-19 23:10:39.165 INFO: Done
