2026-01-31 17:52:34.861 INFO: ===========VERIFYING SETTINGS===========
2026-01-31 17:52:34.861 INFO: Stage Two is activated as start_stage_two was defined
2026-01-31 17:52:34.862 INFO: MACE version: 0.3.14
2026-01-31 17:52:34.862 DEBUG: Configuration: Namespace(config='water_mace_config.yaml', name='water_1k_small', seed=123, work_dir='.', log_dir='./logs', model_dir='.', checkpoints_dir='./checkpoints', results_dir='./results', downloads_dir='./downloads', device='cpu', default_dtype='float64', distributed=False, launcher='slurm', log_level='INFO', plot=True, plot_frequency=0, plot_interaction_e=False, error_table='PerAtomMAE', model='MACE', r_max=6.0, radial_type='bessel', num_radial_basis=8, num_cutoff_basis=5, pair_repulsion=False, distance_transform='None', apply_cutoff=True, use_last_readout_only=False, use_embedding_readout=False, interaction='RealAgnosticResidualInteractionBlock', interaction_first='RealAgnosticResidualInteractionBlock', max_ell=3, correlation=3, use_reduced_cg=False, use_so3=False, use_agnostic_product=False, num_interactions=2, MLP_irreps='16x0e', radial_MLP='[64, 64, 64]', hidden_irreps=64x0e, edge_irreps=None, num_channels=64, max_L=0, gate='silu', scaling='rms_forces_scaling', avg_num_neighbors=1, compute_avg_num_neighbors=True, compute_stress=False, compute_forces=True, compute_polarizability=<function str2bool at 0x115930180>, compute_atomic_dipole=<function str2bool at 0x115930180>, train_file='water_data/train.xyz', valid_file=None, valid_fraction=0.05, test_file='water_data/test.xyz', test_dir=None, multi_processed_test=False, num_workers=0, pin_memory=True, atomic_numbers=None, mean=None, std=None, statistics_file=None, les_arguments=None, E0s='average', pseudolabel_replay=False, foundation_filter_elements=True, heads=None, multiheads_finetuning=True, foundation_head=None, weight_pt_head=1.0, real_pt_data_ratio_threshold=0.1, num_samples_pt=10000, force_mh_ft_lr=False, subselect_pt='random', filter_type_pt='none', allow_random_padding_pt=True, pt_train_file=None, pt_valid_file=None, foundation_model_elements=False, keep_isolated_atoms=False, energy_key='TotEnergy', forces_key='force', virials_key='REF_virials', stress_key='REF_stress', dipole_key='dipole', polarizability_key='polarizability', head_key='head', charges_key='REF_charges', elec_temp_key='elec_temp', total_spin_key='total_spin', total_charge_key='total_charge', embedding_specs=None, skip_evaluate_heads='pt_head', loss='weighted', forces_weight=1000.0, swa_forces_weight=100.0, energy_weight=10.0, swa_energy_weight=1000.0, virials_weight=1.0, swa_virials_weight=10.0, stress_weight=1.0, swa_stress_weight=10.0, dipole_weight=1.0, swa_dipole_weight=1.0, swa_polarizability_weight=1.0, polarizability_weight=1.0, config_type_weights='{"Default":1.0}', huber_delta=0.01, optimizer='adam', beta=0.9, batch_size=16, valid_batch_size=32, lr=0.01, swa_lr=0.001, weight_decay=5e-07, amsgrad=True, scheduler='ReduceLROnPlateau', lr_factor=0.8, scheduler_patience=15, lr_scheduler_gamma=0.9993, swa=True, start_swa=40, lbfgs=False, ema=True, ema_decay=0.99, max_num_epochs=80, patience=30, foundation_model=None, foundation_model_readout=True, eval_interval=4, keep_checkpoints=False, save_all_checkpoints=False, restart_latest=True, save_cpu=True, clip_grad=10.0, dry_run=False, enable_cueq=False, only_cueq=False, enable_oeq=False, wandb=False, wandb_dir=None, wandb_project='', wandb_entity='', wandb_name='', wandb_log_hypers=['num_channels', 'max_L', 'correlation', 'lr', 'swa_lr', 'weight_decay', 'batch_size', 'max_num_epochs', 'start_swa', 'energy_weight', 'forces_weight'], key_specification=KeySpecification(info_keys={'energy': 'TotEnergy', 'stress': 'REF_stress', 'virials': 'REF_virials', 'dipole': 'dipole', 'head': 'head', 'elec_temp': 'elec_temp', 'total_charge': 'total_charge', 'polarizability': 'polarizability', 'total_spin': 'total_spin'}, arrays_keys={'forces': 'force', 'charges': 'REF_charges'}))
2026-01-31 17:52:34.862 INFO: Using CPU
2026-01-31 17:52:34.886 DEBUG: Popen(['git', 'version'], cwd=/Users/jameszhao/Desktop/CS2535, stdin=None, shell=False, universal_newlines=False)
2026-01-31 17:52:34.906 DEBUG: Popen(['git', 'version'], cwd=/Users/jameszhao/Desktop/CS2535, stdin=None, shell=False, universal_newlines=False)
2026-01-31 17:52:34.920 DEBUG: sys.platform='darwin', git_executable='git'
2026-01-31 17:52:34.921 DEBUG: Error accessing Git repository: /Users/jameszhao/Desktop/CS2535
2026-01-31 17:52:34.921 INFO: ===========LOADING INPUT DATA===========
2026-01-31 17:52:34.921 INFO: Using heads: ['Default']
2026-01-31 17:52:34.922 INFO: Using the key specifications to parse data:
2026-01-31 17:52:34.922 INFO: Default: KeySpecification(info_keys={'energy': 'TotEnergy', 'stress': 'REF_stress', 'virials': 'REF_virials', 'dipole': 'dipole', 'head': 'head', 'elec_temp': 'elec_temp', 'total_charge': 'total_charge', 'polarizability': 'polarizability', 'total_spin': 'total_spin'}, arrays_keys={'forces': 'force', 'charges': 'REF_charges'})
2026-01-31 17:52:34.922 INFO: =============    Processing head Default     ===========
2026-01-31 17:52:34.923 DEBUG: Loading training file: water_data/train.xyz
2026-01-31 17:52:35.338 INFO: Training set 1/1 [energy: 1434, stress: 0, virials: 0, dipole components: 0, head: 1434, elec_temp: 0, total_charge: 0, polarizability: 0, total_spin: 0, forces: 1434, charges: 0]
2026-01-31 17:52:35.340 INFO: Total Training set [energy: 1434, stress: 0, virials: 0, dipole components: 0, head: 1434, elec_temp: 0, total_charge: 0, polarizability: 0, total_spin: 0, forces: 1434, charges: 0]
2026-01-31 17:52:35.341 INFO: No validation set provided, splitting training data instead.
2026-01-31 17:52:35.342 INFO: Using random 5% of training set for validation with indices saved in: ./valid_indices_123.txt
2026-01-31 17:52:35.344 INFO: Random Split Training set [energy: 1363, stress: 0, virials: 0, dipole components: 0, head: 1363, elec_temp: 0, total_charge: 0, polarizability: 0, total_spin: 0, forces: 1363, charges: 0]
2026-01-31 17:52:35.345 INFO: Random Split Validation set [energy: 71, stress: 0, virials: 0, dipole components: 0, head: 71, elec_temp: 0, total_charge: 0, polarizability: 0, total_spin: 0, forces: 71, charges: 0]
2026-01-31 17:52:35.399 INFO: Test set 1/1 [energy: 159, stress: 0, virials: 0, dipole components: 0, head: 159, elec_temp: 0, total_charge: 0, polarizability: 0, total_spin: 0, forces: 159, charges: 0]
2026-01-31 17:52:35.399 INFO: Total Test set [energy: 159, stress: 0, virials: 0, dipole components: 0, head: 159, elec_temp: 0, total_charge: 0, polarizability: 0, total_spin: 0, forces: 159, charges: 0]
2026-01-31 17:52:35.400 INFO: Total number of configurations: train=1363, valid=71, tests=[Default_Default: 159],
2026-01-31 17:52:35.413 INFO: Atomic Numbers used: [np.int64(1), np.int64(8)]
2026-01-31 17:52:35.413 INFO: Isolated Atomic Energies (E0s) not in training file, using command line argument
2026-01-31 17:52:35.414 INFO: Computing average Atomic Energies using least squares regression
2026-01-31 17:52:35.417 INFO: Atomic Energies used (z: eV) for head Default: {1: -6.894351854823918, 8: -3.447175927411959}
2026-01-31 17:52:35.418 INFO: Processing datasets for head 'Default'
2026-01-31 17:52:35.945 DEBUG: Successfully loaded dataset from ASE files: ['water_data/train.xyz']
2026-01-31 17:52:35.945 INFO: Combining 1 list datasets for head 'Default'
2026-01-31 17:52:35.973 INFO: Head 'Default' training dataset size: 1363
2026-01-31 17:52:35.974 INFO: Computing average number of neighbors
2026-01-31 17:52:36.149 INFO: Average number of neighbors: 10.374601715686275
2026-01-31 17:52:36.150 INFO: During training the following quantities will be reported: energy, forces
2026-01-31 17:52:36.150 INFO: ===========MODEL DETAILS===========
2026-01-31 17:52:36.251 INFO: Building model
2026-01-31 17:52:36.252 INFO: Message passing with 64 channels and max_L=0 (64x0e)
2026-01-31 17:52:36.253 INFO: 2 layers, each with correlation order: 3 (body order: 4) and spherical harmonics up to: l=3
2026-01-31 17:52:36.254 INFO: 8 radial and 5 basis functions
2026-01-31 17:52:36.256 INFO: Radial cutoff: 6.0 A (total receptive field for each atom: 12.0 A)
2026-01-31 17:52:36.257 INFO: Distance transform for radial basis functions: None
2026-01-31 17:52:36.258 INFO: Hidden irreps: 64x0e
2026-01-31 17:52:36.637 DEBUG: ScaleShiftMACE(
  (node_embedding): LinearNodeEmbeddingBlock(
    (linear): Linear(2x0e -> 64x0e | 128 weights)
  )
  (radial_embedding): RadialEmbeddingBlock(
    (bessel_fn): BesselBasis(r_max=6.0, num_basis=8, trainable=False)
    (cutoff_fn): PolynomialCutoff(p=5, r_max=6.0)
  )
  (spherical_harmonics): SphericalHarmonics()
  (atomic_energies_fn): AtomicEnergiesBlock(energies=[[-6.8944, -3.4472]])
  (interactions): ModuleList(
    (0): RealAgnosticInteractionBlock(
      (linear_up): Linear(64x0e -> 64x0e | 4096 weights)
      (conv_tp): TensorProduct(64x0e x 1x0e+1x1o+1x2e+1x3o -> 64x0e+64x1o+64x2e+64x3o | 256 paths | 256 weights)
      (conv_tp_weights): FullyConnectedNet[8, 64, 64, 64, 256]
      (linear): Linear(64x0e+64x1o+64x2e+64x3o -> 64x0e+64x1o+64x2e+64x3o | 16384 weights)
      (skip_tp): FullyConnectedTensorProduct(64x0e+64x1o+64x2e+64x3o x 2x0e -> 64x0e+64x1o+64x2e+64x3o | 32768 paths | 32768 weights)
      (reshape): reshape_irreps()
    )
    (1): RealAgnosticResidualInteractionBlock(
      (linear_up): Linear(64x0e -> 64x0e | 4096 weights)
      (conv_tp): TensorProduct(64x0e x 1x0e+1x1o+1x2e+1x3o -> 64x0e+64x1o+64x2e+64x3o | 256 paths | 256 weights)
      (conv_tp_weights): FullyConnectedNet[8, 64, 64, 64, 256]
      (linear): Linear(64x0e+64x1o+64x2e+64x3o -> 64x0e+64x1o+64x2e+64x3o | 16384 weights)
      (skip_tp): FullyConnectedTensorProduct(64x0e x 2x0e -> 64x0e | 8192 paths | 8192 weights)
      (reshape): reshape_irreps()
    )
  )
  (products): ModuleList(
    (0-1): 2 x EquivariantProductBasisBlock(
      (symmetric_contractions): SymmetricContraction(
        (contractions): ModuleList(
          (0): Contraction(
            (contractions_weighting): ModuleList(
              (0-1): 2 x GraphModule()
            )
            (contractions_features): ModuleList(
              (0-1): 2 x GraphModule()
            )
            (weights): ParameterList(
                (0): Parameter containing: [torch.float64 of size 2x4x64]
                (1): Parameter containing: [torch.float64 of size 2x1x64]
            )
            (graph_opt_main): GraphModule()
          )
        )
      )
      (linear): Linear(64x0e -> 64x0e | 4096 weights)
    )
  )
  (readouts): ModuleList(
    (0): LinearReadoutBlock(
      (linear): Linear(64x0e -> 1x0e | 64 weights)
    )
    (1): NonLinearReadoutBlock(
      (linear_1): Linear(64x0e -> 16x0e | 1024 weights)
      (non_linearity): Activation [x] (16x0e -> 16x0e)
      (linear_2): Linear(16x0e -> 1x0e | 16 weights)
    )
  )
  (scale_shift): ScaleShiftBlock(scale=0.0438, shift=0.0000)
)
2026-01-31 17:52:36.639 INFO: Total number of parameters: 148688
2026-01-31 17:52:36.639 INFO: 
2026-01-31 17:52:36.639 INFO: ===========OPTIMIZER INFORMATION===========
2026-01-31 17:52:36.640 INFO: Using ADAM as parameter optimizer
2026-01-31 17:52:36.640 INFO: Batch size: 16
2026-01-31 17:52:36.640 INFO: Using Exponential Moving Average with decay: 0.99
2026-01-31 17:52:36.641 INFO: Number of gradient updates: 6815
2026-01-31 17:52:36.641 INFO: Learning rate: 0.01, weight decay: 5e-07
2026-01-31 17:52:36.641 INFO: WeightedEnergyForcesLoss(energy_weight=10.000, forces_weight=1000.000)
2026-01-31 17:52:36.642 INFO: Stage Two (after 40 epochs) with loss function: WeightedEnergyForcesLoss(energy_weight=1000.000, forces_weight=100.000), with energy weight : 1000.0, forces weight : 100.0 and learning rate : 0.001
2026-01-31 17:52:36.672 WARNING: Cannot find checkpoint with tag 'water_1k_small_run-123' in './checkpoints'
2026-01-31 17:52:36.672 INFO: Using gradient clipping with tolerance=10.000
2026-01-31 17:52:36.673 INFO: 
2026-01-31 17:52:36.673 INFO: ===========TRAINING===========
2026-01-31 17:52:36.673 INFO: Started training, reporting errors on validation set
2026-01-31 17:52:36.674 INFO: Loss metrics on validation set
2026-01-31 17:52:43.925 INFO: Initial: head: Default, loss=0.09364161, MAE_E_per_atom=    2.62 meV, MAE_F=   28.02 meV / A
2026-01-31 17:56:55.584 INFO: Epoch 0: head: Default, loss=0.00603199, MAE_E_per_atom=   32.84 meV, MAE_F=    7.75 meV / A
2026-01-31 17:56:55.586 DEBUG: Saving checkpoint: ./checkpoints/water_1k_small_run-123_epoch-0.pt
2026-01-31 18:13:17.155 INFO: Epoch 4: head: Default, loss=0.00153290, MAE_E_per_atom=   14.81 meV, MAE_F=    3.47 meV / A
2026-01-31 18:13:17.158 DEBUG: Deleting old checkpoint file: ./checkpoints/water_1k_small_run-123_epoch-0.pt
2026-01-31 18:13:17.159 DEBUG: Saving checkpoint: ./checkpoints/water_1k_small_run-123_epoch-4.pt
2026-01-31 18:27:52.651 INFO: ===========VERIFYING SETTINGS===========
2026-01-31 18:27:52.651 INFO: Stage Two is activated as start_stage_two was defined
2026-01-31 18:27:52.651 INFO: MACE version: 0.3.14
2026-01-31 18:27:52.651 DEBUG: Configuration: Namespace(config='water_mace_config.yaml', name='water_1k_small', seed=123, work_dir='.', log_dir='./logs', model_dir='.', checkpoints_dir='./checkpoints', results_dir='./results', downloads_dir='./downloads', device='mps', default_dtype='float64', distributed=False, launcher='slurm', log_level='INFO', plot=True, plot_frequency=0, plot_interaction_e=False, error_table='PerAtomMAE', model='MACE', r_max=6.0, radial_type='bessel', num_radial_basis=8, num_cutoff_basis=5, pair_repulsion=False, distance_transform='None', apply_cutoff=True, use_last_readout_only=False, use_embedding_readout=False, interaction='RealAgnosticResidualInteractionBlock', interaction_first='RealAgnosticResidualInteractionBlock', max_ell=3, correlation=3, use_reduced_cg=False, use_so3=False, use_agnostic_product=False, num_interactions=2, MLP_irreps='16x0e', radial_MLP='[64, 64, 64]', hidden_irreps=64x0e, edge_irreps=None, num_channels=64, max_L=0, gate='silu', scaling='rms_forces_scaling', avg_num_neighbors=1, compute_avg_num_neighbors=True, compute_stress=False, compute_forces=True, compute_polarizability=<function str2bool at 0x10ad27f60>, compute_atomic_dipole=<function str2bool at 0x10ad27f60>, train_file='water_data/train.xyz', valid_file=None, valid_fraction=0.05, test_file='water_data/test.xyz', test_dir=None, multi_processed_test=False, num_workers=0, pin_memory=True, atomic_numbers=None, mean=None, std=None, statistics_file=None, les_arguments=None, E0s='average', pseudolabel_replay=False, foundation_filter_elements=True, heads=None, multiheads_finetuning=True, foundation_head=None, weight_pt_head=1.0, real_pt_data_ratio_threshold=0.1, num_samples_pt=10000, force_mh_ft_lr=False, subselect_pt='random', filter_type_pt='none', allow_random_padding_pt=True, pt_train_file=None, pt_valid_file=None, foundation_model_elements=False, keep_isolated_atoms=False, energy_key='TotEnergy', forces_key='force', virials_key='REF_virials', stress_key='REF_stress', dipole_key='dipole', polarizability_key='polarizability', head_key='head', charges_key='REF_charges', elec_temp_key='elec_temp', total_spin_key='total_spin', total_charge_key='total_charge', embedding_specs=None, skip_evaluate_heads='pt_head', loss='weighted', forces_weight=1000.0, swa_forces_weight=100.0, energy_weight=10.0, swa_energy_weight=1000.0, virials_weight=1.0, swa_virials_weight=10.0, stress_weight=1.0, swa_stress_weight=10.0, dipole_weight=1.0, swa_dipole_weight=1.0, swa_polarizability_weight=1.0, polarizability_weight=1.0, config_type_weights='{"Default":1.0}', huber_delta=0.01, optimizer='adam', beta=0.9, batch_size=16, valid_batch_size=32, lr=0.01, swa_lr=0.001, weight_decay=5e-07, amsgrad=True, scheduler='ReduceLROnPlateau', lr_factor=0.8, scheduler_patience=15, lr_scheduler_gamma=0.9993, swa=True, start_swa=100, lbfgs=False, ema=True, ema_decay=0.99, max_num_epochs=200, patience=30, foundation_model=None, foundation_model_readout=True, eval_interval=4, keep_checkpoints=False, save_all_checkpoints=False, restart_latest=True, save_cpu=True, clip_grad=10.0, dry_run=False, enable_cueq=False, only_cueq=False, enable_oeq=False, wandb=False, wandb_dir=None, wandb_project='', wandb_entity='', wandb_name='', wandb_log_hypers=['num_channels', 'max_L', 'correlation', 'lr', 'swa_lr', 'weight_decay', 'batch_size', 'max_num_epochs', 'start_swa', 'energy_weight', 'forces_weight'], key_specification=KeySpecification(info_keys={'energy': 'TotEnergy', 'stress': 'REF_stress', 'virials': 'REF_virials', 'dipole': 'dipole', 'head': 'head', 'elec_temp': 'elec_temp', 'total_charge': 'total_charge', 'polarizability': 'polarizability', 'total_spin': 'total_spin'}, arrays_keys={'forces': 'force', 'charges': 'REF_charges'}))
2026-01-31 18:27:52.668 INFO: Using MPS GPU acceleration
2026-01-31 18:27:52.702 DEBUG: Popen(['git', 'version'], cwd=/Users/jameszhao/Desktop/CS2535, stdin=None, shell=False, universal_newlines=False)
2026-01-31 18:27:52.757 DEBUG: Popen(['git', 'version'], cwd=/Users/jameszhao/Desktop/CS2535, stdin=None, shell=False, universal_newlines=False)
2026-01-31 18:27:52.785 DEBUG: sys.platform='darwin', git_executable='git'
2026-01-31 18:27:52.786 DEBUG: Error accessing Git repository: /Users/jameszhao/Desktop/CS2535
2026-01-31 18:27:52.786 INFO: ===========LOADING INPUT DATA===========
2026-01-31 18:27:52.786 INFO: Using heads: ['Default']
2026-01-31 18:27:52.786 INFO: Using the key specifications to parse data:
2026-01-31 18:27:52.786 INFO: Default: KeySpecification(info_keys={'energy': 'TotEnergy', 'stress': 'REF_stress', 'virials': 'REF_virials', 'dipole': 'dipole', 'head': 'head', 'elec_temp': 'elec_temp', 'total_charge': 'total_charge', 'polarizability': 'polarizability', 'total_spin': 'total_spin'}, arrays_keys={'forces': 'force', 'charges': 'REF_charges'})
2026-01-31 18:27:52.786 INFO: =============    Processing head Default     ===========
2026-01-31 18:27:52.786 DEBUG: Loading training file: water_data/train.xyz
2026-01-31 18:27:53.360 INFO: Training set 1/1 [energy: 1434, stress: 0, virials: 0, dipole components: 0, head: 1434, elec_temp: 0, total_charge: 0, polarizability: 0, total_spin: 0, forces: 1434, charges: 0]
2026-01-31 18:27:53.362 INFO: Total Training set [energy: 1434, stress: 0, virials: 0, dipole components: 0, head: 1434, elec_temp: 0, total_charge: 0, polarizability: 0, total_spin: 0, forces: 1434, charges: 0]
2026-01-31 18:27:53.363 INFO: No validation set provided, splitting training data instead.
2026-01-31 18:27:53.363 INFO: Using random 5% of training set for validation with indices saved in: ./valid_indices_123.txt
2026-01-31 18:27:53.366 INFO: Random Split Training set [energy: 1363, stress: 0, virials: 0, dipole components: 0, head: 1363, elec_temp: 0, total_charge: 0, polarizability: 0, total_spin: 0, forces: 1363, charges: 0]
2026-01-31 18:27:53.366 INFO: Random Split Validation set [energy: 71, stress: 0, virials: 0, dipole components: 0, head: 71, elec_temp: 0, total_charge: 0, polarizability: 0, total_spin: 0, forces: 71, charges: 0]
2026-01-31 18:27:53.426 INFO: Test set 1/1 [energy: 159, stress: 0, virials: 0, dipole components: 0, head: 159, elec_temp: 0, total_charge: 0, polarizability: 0, total_spin: 0, forces: 159, charges: 0]
2026-01-31 18:27:53.426 INFO: Total Test set [energy: 159, stress: 0, virials: 0, dipole components: 0, head: 159, elec_temp: 0, total_charge: 0, polarizability: 0, total_spin: 0, forces: 159, charges: 0]
2026-01-31 18:27:53.426 INFO: Total number of configurations: train=1363, valid=71, tests=[Default_Default: 159],
2026-01-31 18:27:53.439 INFO: Atomic Numbers used: [np.int64(1), np.int64(8)]
2026-01-31 18:27:53.439 INFO: Isolated Atomic Energies (E0s) not in training file, using command line argument
2026-01-31 18:27:53.439 INFO: Computing average Atomic Energies using least squares regression
2026-01-31 18:27:53.443 INFO: Atomic Energies used (z: eV) for head Default: {1: -6.894351854823918, 8: -3.447175927411959}
2026-01-31 18:27:53.443 INFO: Processing datasets for head 'Default'
2026-01-31 18:27:54.113 DEBUG: Successfully loaded dataset from ASE files: ['water_data/train.xyz']
2026-01-31 18:27:54.114 INFO: Combining 1 list datasets for head 'Default'
2026-01-31 18:27:54.144 INFO: Head 'Default' training dataset size: 1363
2026-01-31 18:27:54.145 INFO: Computing average number of neighbors
2026-01-31 18:27:54.339 INFO: Average number of neighbors: 10.374601715686275
2026-01-31 18:27:54.339 INFO: During training the following quantities will be reported: energy, forces
2026-01-31 18:27:54.339 INFO: ===========MODEL DETAILS===========
2026-01-31 18:27:54.462 INFO: Building model
2026-01-31 18:27:54.463 INFO: Message passing with 64 channels and max_L=0 (64x0e)
2026-01-31 18:27:54.463 INFO: 2 layers, each with correlation order: 3 (body order: 4) and spherical harmonics up to: l=3
2026-01-31 18:27:54.463 INFO: 8 radial and 5 basis functions
2026-01-31 18:27:54.463 INFO: Radial cutoff: 6.0 A (total receptive field for each atom: 12.0 A)
2026-01-31 18:27:54.463 INFO: Distance transform for radial basis functions: None
2026-01-31 18:27:54.463 INFO: Hidden irreps: 64x0e
2026-01-31 18:29:41.116 INFO: ===========VERIFYING SETTINGS===========
2026-01-31 18:29:41.116 INFO: Stage Two is activated as start_stage_two was defined
2026-01-31 18:29:41.116 INFO: MACE version: 0.3.14
2026-01-31 18:29:41.117 DEBUG: Configuration: Namespace(config='water_mace_config.yaml', name='water_1k_small', seed=123, work_dir='.', log_dir='./logs', model_dir='.', checkpoints_dir='./checkpoints', results_dir='./results', downloads_dir='./downloads', device='mps', default_dtype='float64', distributed=False, launcher='slurm', log_level='INFO', plot=True, plot_frequency=0, plot_interaction_e=False, error_table='PerAtomMAE', model='MACE', r_max=6.0, radial_type='bessel', num_radial_basis=8, num_cutoff_basis=5, pair_repulsion=False, distance_transform='None', apply_cutoff=True, use_last_readout_only=False, use_embedding_readout=False, interaction='RealAgnosticResidualInteractionBlock', interaction_first='RealAgnosticResidualInteractionBlock', max_ell=3, correlation=3, use_reduced_cg=False, use_so3=False, use_agnostic_product=False, num_interactions=2, MLP_irreps='16x0e', radial_MLP='[64, 64, 64]', hidden_irreps=64x0e, edge_irreps=None, num_channels=64, max_L=0, gate='silu', scaling='rms_forces_scaling', avg_num_neighbors=1, compute_avg_num_neighbors=True, compute_stress=False, compute_forces=True, compute_polarizability=<function str2bool at 0x123f27f60>, compute_atomic_dipole=<function str2bool at 0x123f27f60>, train_file='water_data/train.xyz', valid_file=None, valid_fraction=0.05, test_file='water_data/test.xyz', test_dir=None, multi_processed_test=False, num_workers=0, pin_memory=True, atomic_numbers=None, mean=None, std=None, statistics_file=None, les_arguments=None, E0s='average', pseudolabel_replay=False, foundation_filter_elements=True, heads=None, multiheads_finetuning=True, foundation_head=None, weight_pt_head=1.0, real_pt_data_ratio_threshold=0.1, num_samples_pt=10000, force_mh_ft_lr=False, subselect_pt='random', filter_type_pt='none', allow_random_padding_pt=True, pt_train_file=None, pt_valid_file=None, foundation_model_elements=False, keep_isolated_atoms=False, energy_key='TotEnergy', forces_key='force', virials_key='REF_virials', stress_key='REF_stress', dipole_key='dipole', polarizability_key='polarizability', head_key='head', charges_key='REF_charges', elec_temp_key='elec_temp', total_spin_key='total_spin', total_charge_key='total_charge', embedding_specs=None, skip_evaluate_heads='pt_head', loss='weighted', forces_weight=1000.0, swa_forces_weight=100.0, energy_weight=10.0, swa_energy_weight=1000.0, virials_weight=1.0, swa_virials_weight=10.0, stress_weight=1.0, swa_stress_weight=10.0, dipole_weight=1.0, swa_dipole_weight=1.0, swa_polarizability_weight=1.0, polarizability_weight=1.0, config_type_weights='{"Default":1.0}', huber_delta=0.01, optimizer='adam', beta=0.9, batch_size=16, valid_batch_size=32, lr=0.01, swa_lr=0.001, weight_decay=5e-07, amsgrad=True, scheduler='ReduceLROnPlateau', lr_factor=0.8, scheduler_patience=15, lr_scheduler_gamma=0.9993, swa=True, start_swa=100, lbfgs=False, ema=True, ema_decay=0.99, max_num_epochs=150, patience=30, foundation_model=None, foundation_model_readout=True, eval_interval=4, keep_checkpoints=False, save_all_checkpoints=False, restart_latest=True, save_cpu=True, clip_grad=10.0, dry_run=False, enable_cueq=False, only_cueq=False, enable_oeq=False, wandb=False, wandb_dir=None, wandb_project='', wandb_entity='', wandb_name='', wandb_log_hypers=['num_channels', 'max_L', 'correlation', 'lr', 'swa_lr', 'weight_decay', 'batch_size', 'max_num_epochs', 'start_swa', 'energy_weight', 'forces_weight'], key_specification=KeySpecification(info_keys={'energy': 'TotEnergy', 'stress': 'REF_stress', 'virials': 'REF_virials', 'dipole': 'dipole', 'head': 'head', 'elec_temp': 'elec_temp', 'total_charge': 'total_charge', 'polarizability': 'polarizability', 'total_spin': 'total_spin'}, arrays_keys={'forces': 'force', 'charges': 'REF_charges'}))
2026-01-31 18:29:41.130 INFO: Using MPS GPU acceleration
2026-01-31 18:29:41.155 DEBUG: Popen(['git', 'version'], cwd=/Users/jameszhao/Desktop/CS2535, stdin=None, shell=False, universal_newlines=False)
2026-01-31 18:29:41.185 DEBUG: Popen(['git', 'version'], cwd=/Users/jameszhao/Desktop/CS2535, stdin=None, shell=False, universal_newlines=False)
2026-01-31 18:29:41.200 DEBUG: sys.platform='darwin', git_executable='git'
2026-01-31 18:29:41.200 DEBUG: Error accessing Git repository: /Users/jameszhao/Desktop/CS2535
2026-01-31 18:29:41.200 INFO: ===========LOADING INPUT DATA===========
2026-01-31 18:29:41.200 INFO: Using heads: ['Default']
2026-01-31 18:29:41.201 INFO: Using the key specifications to parse data:
2026-01-31 18:29:41.201 INFO: Default: KeySpecification(info_keys={'energy': 'TotEnergy', 'stress': 'REF_stress', 'virials': 'REF_virials', 'dipole': 'dipole', 'head': 'head', 'elec_temp': 'elec_temp', 'total_charge': 'total_charge', 'polarizability': 'polarizability', 'total_spin': 'total_spin'}, arrays_keys={'forces': 'force', 'charges': 'REF_charges'})
2026-01-31 18:29:41.201 INFO: =============    Processing head Default     ===========
2026-01-31 18:29:41.201 DEBUG: Loading training file: water_data/train.xyz
2026-01-31 18:29:41.677 INFO: Training set 1/1 [energy: 1434, stress: 0, virials: 0, dipole components: 0, head: 1434, elec_temp: 0, total_charge: 0, polarizability: 0, total_spin: 0, forces: 1434, charges: 0]
2026-01-31 18:29:41.680 INFO: Total Training set [energy: 1434, stress: 0, virials: 0, dipole components: 0, head: 1434, elec_temp: 0, total_charge: 0, polarizability: 0, total_spin: 0, forces: 1434, charges: 0]
2026-01-31 18:29:41.680 INFO: No validation set provided, splitting training data instead.
2026-01-31 18:29:41.681 INFO: Using random 5% of training set for validation with indices saved in: ./valid_indices_123.txt
2026-01-31 18:29:41.683 INFO: Random Split Training set [energy: 1363, stress: 0, virials: 0, dipole components: 0, head: 1363, elec_temp: 0, total_charge: 0, polarizability: 0, total_spin: 0, forces: 1363, charges: 0]
2026-01-31 18:29:41.683 INFO: Random Split Validation set [energy: 71, stress: 0, virials: 0, dipole components: 0, head: 71, elec_temp: 0, total_charge: 0, polarizability: 0, total_spin: 0, forces: 71, charges: 0]
2026-01-31 18:29:41.748 INFO: Test set 1/1 [energy: 159, stress: 0, virials: 0, dipole components: 0, head: 159, elec_temp: 0, total_charge: 0, polarizability: 0, total_spin: 0, forces: 159, charges: 0]
2026-01-31 18:29:41.749 INFO: Total Test set [energy: 159, stress: 0, virials: 0, dipole components: 0, head: 159, elec_temp: 0, total_charge: 0, polarizability: 0, total_spin: 0, forces: 159, charges: 0]
2026-01-31 18:29:41.749 INFO: Total number of configurations: train=1363, valid=71, tests=[Default_Default: 159],
2026-01-31 18:29:41.763 INFO: Atomic Numbers used: [np.int64(1), np.int64(8)]
2026-01-31 18:29:41.763 INFO: Isolated Atomic Energies (E0s) not in training file, using command line argument
2026-01-31 18:29:41.763 INFO: Computing average Atomic Energies using least squares regression
2026-01-31 18:29:41.766 INFO: Atomic Energies used (z: eV) for head Default: {1: -6.894351854823918, 8: -3.447175927411959}
2026-01-31 18:29:41.766 INFO: Processing datasets for head 'Default'
2026-01-31 18:29:42.377 DEBUG: Successfully loaded dataset from ASE files: ['water_data/train.xyz']
2026-01-31 18:29:42.377 INFO: Combining 1 list datasets for head 'Default'
2026-01-31 18:29:42.422 INFO: Head 'Default' training dataset size: 1363
2026-01-31 18:29:42.422 INFO: Computing average number of neighbors
2026-01-31 18:29:42.840 INFO: Average number of neighbors: 10.374601715686275
2026-01-31 18:29:42.840 INFO: During training the following quantities will be reported: energy, forces
2026-01-31 18:29:42.840 INFO: ===========MODEL DETAILS===========
2026-01-31 18:29:42.966 INFO: Building model
2026-01-31 18:29:42.966 INFO: Message passing with 64 channels and max_L=0 (64x0e)
2026-01-31 18:29:42.966 INFO: 2 layers, each with correlation order: 3 (body order: 4) and spherical harmonics up to: l=3
2026-01-31 18:29:42.966 INFO: 8 radial and 5 basis functions
2026-01-31 18:29:42.966 INFO: Radial cutoff: 6.0 A (total receptive field for each atom: 12.0 A)
2026-01-31 18:29:42.966 INFO: Distance transform for radial basis functions: None
2026-01-31 18:29:42.966 INFO: Hidden irreps: 64x0e
2026-01-31 18:30:47.292 INFO: ===========VERIFYING SETTINGS===========
2026-01-31 18:30:47.292 INFO: Stage Two is activated as start_stage_two was defined
2026-01-31 18:30:47.292 INFO: MACE version: 0.3.14
2026-01-31 18:30:47.292 DEBUG: Configuration: Namespace(config='water_mace_config.yaml', name='water_1k_small', seed=123, work_dir='.', log_dir='./logs', model_dir='.', checkpoints_dir='./checkpoints', results_dir='./results', downloads_dir='./downloads', device='mps', default_dtype='float32', distributed=False, launcher='slurm', log_level='INFO', plot=True, plot_frequency=0, plot_interaction_e=False, error_table='PerAtomMAE', model='MACE', r_max=6.0, radial_type='bessel', num_radial_basis=8, num_cutoff_basis=5, pair_repulsion=False, distance_transform='None', apply_cutoff=True, use_last_readout_only=False, use_embedding_readout=False, interaction='RealAgnosticResidualInteractionBlock', interaction_first='RealAgnosticResidualInteractionBlock', max_ell=3, correlation=3, use_reduced_cg=False, use_so3=False, use_agnostic_product=False, num_interactions=2, MLP_irreps='16x0e', radial_MLP='[64, 64, 64]', hidden_irreps=64x0e, edge_irreps=None, num_channels=64, max_L=0, gate='silu', scaling='rms_forces_scaling', avg_num_neighbors=1, compute_avg_num_neighbors=True, compute_stress=False, compute_forces=True, compute_polarizability=<function str2bool at 0x119727f60>, compute_atomic_dipole=<function str2bool at 0x119727f60>, train_file='water_data/train.xyz', valid_file=None, valid_fraction=0.05, test_file='water_data/test.xyz', test_dir=None, multi_processed_test=False, num_workers=0, pin_memory=True, atomic_numbers=None, mean=None, std=None, statistics_file=None, les_arguments=None, E0s='average', pseudolabel_replay=False, foundation_filter_elements=True, heads=None, multiheads_finetuning=True, foundation_head=None, weight_pt_head=1.0, real_pt_data_ratio_threshold=0.1, num_samples_pt=10000, force_mh_ft_lr=False, subselect_pt='random', filter_type_pt='none', allow_random_padding_pt=True, pt_train_file=None, pt_valid_file=None, foundation_model_elements=False, keep_isolated_atoms=False, energy_key='TotEnergy', forces_key='force', virials_key='REF_virials', stress_key='REF_stress', dipole_key='dipole', polarizability_key='polarizability', head_key='head', charges_key='REF_charges', elec_temp_key='elec_temp', total_spin_key='total_spin', total_charge_key='total_charge', embedding_specs=None, skip_evaluate_heads='pt_head', loss='weighted', forces_weight=1000.0, swa_forces_weight=100.0, energy_weight=10.0, swa_energy_weight=1000.0, virials_weight=1.0, swa_virials_weight=10.0, stress_weight=1.0, swa_stress_weight=10.0, dipole_weight=1.0, swa_dipole_weight=1.0, swa_polarizability_weight=1.0, polarizability_weight=1.0, config_type_weights='{"Default":1.0}', huber_delta=0.01, optimizer='adam', beta=0.9, batch_size=16, valid_batch_size=32, lr=0.01, swa_lr=0.001, weight_decay=5e-07, amsgrad=True, scheduler='ReduceLROnPlateau', lr_factor=0.8, scheduler_patience=15, lr_scheduler_gamma=0.9993, swa=True, start_swa=100, lbfgs=False, ema=True, ema_decay=0.99, max_num_epochs=150, patience=30, foundation_model=None, foundation_model_readout=True, eval_interval=4, keep_checkpoints=False, save_all_checkpoints=False, restart_latest=True, save_cpu=True, clip_grad=10.0, dry_run=False, enable_cueq=False, only_cueq=False, enable_oeq=False, wandb=False, wandb_dir=None, wandb_project='', wandb_entity='', wandb_name='', wandb_log_hypers=['num_channels', 'max_L', 'correlation', 'lr', 'swa_lr', 'weight_decay', 'batch_size', 'max_num_epochs', 'start_swa', 'energy_weight', 'forces_weight'], key_specification=KeySpecification(info_keys={'energy': 'TotEnergy', 'stress': 'REF_stress', 'virials': 'REF_virials', 'dipole': 'dipole', 'head': 'head', 'elec_temp': 'elec_temp', 'total_charge': 'total_charge', 'polarizability': 'polarizability', 'total_spin': 'total_spin'}, arrays_keys={'forces': 'force', 'charges': 'REF_charges'}))
2026-01-31 18:30:47.306 INFO: Using MPS GPU acceleration
2026-01-31 18:30:47.335 DEBUG: Popen(['git', 'version'], cwd=/Users/jameszhao/Desktop/CS2535, stdin=None, shell=False, universal_newlines=False)
2026-01-31 18:30:47.365 DEBUG: Popen(['git', 'version'], cwd=/Users/jameszhao/Desktop/CS2535, stdin=None, shell=False, universal_newlines=False)
2026-01-31 18:30:47.403 DEBUG: sys.platform='darwin', git_executable='git'
2026-01-31 18:30:47.404 DEBUG: Error accessing Git repository: /Users/jameszhao/Desktop/CS2535
2026-01-31 18:30:47.404 INFO: ===========LOADING INPUT DATA===========
2026-01-31 18:30:47.404 INFO: Using heads: ['Default']
2026-01-31 18:30:47.404 INFO: Using the key specifications to parse data:
2026-01-31 18:30:47.404 INFO: Default: KeySpecification(info_keys={'energy': 'TotEnergy', 'stress': 'REF_stress', 'virials': 'REF_virials', 'dipole': 'dipole', 'head': 'head', 'elec_temp': 'elec_temp', 'total_charge': 'total_charge', 'polarizability': 'polarizability', 'total_spin': 'total_spin'}, arrays_keys={'forces': 'force', 'charges': 'REF_charges'})
2026-01-31 18:30:47.404 INFO: =============    Processing head Default     ===========
2026-01-31 18:30:47.404 DEBUG: Loading training file: water_data/train.xyz
2026-01-31 18:30:47.882 INFO: Training set 1/1 [energy: 1434, stress: 0, virials: 0, dipole components: 0, head: 1434, elec_temp: 0, total_charge: 0, polarizability: 0, total_spin: 0, forces: 1434, charges: 0]
2026-01-31 18:30:47.885 INFO: Total Training set [energy: 1434, stress: 0, virials: 0, dipole components: 0, head: 1434, elec_temp: 0, total_charge: 0, polarizability: 0, total_spin: 0, forces: 1434, charges: 0]
2026-01-31 18:30:47.885 INFO: No validation set provided, splitting training data instead.
2026-01-31 18:30:47.886 INFO: Using random 5% of training set for validation with indices saved in: ./valid_indices_123.txt
2026-01-31 18:30:47.890 INFO: Random Split Training set [energy: 1363, stress: 0, virials: 0, dipole components: 0, head: 1363, elec_temp: 0, total_charge: 0, polarizability: 0, total_spin: 0, forces: 1363, charges: 0]
2026-01-31 18:30:47.890 INFO: Random Split Validation set [energy: 71, stress: 0, virials: 0, dipole components: 0, head: 71, elec_temp: 0, total_charge: 0, polarizability: 0, total_spin: 0, forces: 71, charges: 0]
2026-01-31 18:30:47.952 INFO: Test set 1/1 [energy: 159, stress: 0, virials: 0, dipole components: 0, head: 159, elec_temp: 0, total_charge: 0, polarizability: 0, total_spin: 0, forces: 159, charges: 0]
2026-01-31 18:30:47.952 INFO: Total Test set [energy: 159, stress: 0, virials: 0, dipole components: 0, head: 159, elec_temp: 0, total_charge: 0, polarizability: 0, total_spin: 0, forces: 159, charges: 0]
2026-01-31 18:30:47.952 INFO: Total number of configurations: train=1363, valid=71, tests=[Default_Default: 159],
2026-01-31 18:30:47.968 INFO: Atomic Numbers used: [np.int64(1), np.int64(8)]
2026-01-31 18:30:47.968 INFO: Isolated Atomic Energies (E0s) not in training file, using command line argument
2026-01-31 18:30:47.968 INFO: Computing average Atomic Energies using least squares regression
2026-01-31 18:30:47.972 INFO: Atomic Energies used (z: eV) for head Default: {1: -6.894351854823918, 8: -3.447175927411959}
2026-01-31 18:30:47.972 INFO: Processing datasets for head 'Default'
2026-01-31 18:30:48.543 DEBUG: Successfully loaded dataset from ASE files: ['water_data/train.xyz']
2026-01-31 18:30:48.543 INFO: Combining 1 list datasets for head 'Default'
2026-01-31 18:30:48.575 INFO: Head 'Default' training dataset size: 1363
2026-01-31 18:30:48.575 INFO: Computing average number of neighbors
2026-01-31 18:30:48.748 INFO: Average number of neighbors: 10.374601364135742
2026-01-31 18:30:48.748 INFO: During training the following quantities will be reported: energy, forces
2026-01-31 18:30:48.748 INFO: ===========MODEL DETAILS===========
2026-01-31 18:30:48.859 INFO: Building model
2026-01-31 18:30:48.859 INFO: Message passing with 64 channels and max_L=0 (64x0e)
2026-01-31 18:30:48.859 INFO: 2 layers, each with correlation order: 3 (body order: 4) and spherical harmonics up to: l=3
2026-01-31 18:30:48.859 INFO: 8 radial and 5 basis functions
2026-01-31 18:30:48.859 INFO: Radial cutoff: 6.0 A (total receptive field for each atom: 12.0 A)
2026-01-31 18:30:48.859 INFO: Distance transform for radial basis functions: None
2026-01-31 18:30:48.859 INFO: Hidden irreps: 64x0e
2026-01-31 18:30:49.319 DEBUG: ScaleShiftMACE(
  (node_embedding): LinearNodeEmbeddingBlock(
    (linear): Linear(2x0e -> 64x0e | 128 weights)
  )
  (radial_embedding): RadialEmbeddingBlock(
    (bessel_fn): BesselBasis(r_max=6.0, num_basis=8, trainable=False)
    (cutoff_fn): PolynomialCutoff(p=5, r_max=6.0)
  )
  (spherical_harmonics): SphericalHarmonics()
  (atomic_energies_fn): AtomicEnergiesBlock(energies=[[-6.8944, -3.4472]])
  (interactions): ModuleList(
    (0): RealAgnosticInteractionBlock(
      (linear_up): Linear(64x0e -> 64x0e | 4096 weights)
      (conv_tp): TensorProduct(64x0e x 1x0e+1x1o+1x2e+1x3o -> 64x0e+64x1o+64x2e+64x3o | 256 paths | 256 weights)
      (conv_tp_weights): FullyConnectedNet[8, 64, 64, 64, 256]
      (linear): Linear(64x0e+64x1o+64x2e+64x3o -> 64x0e+64x1o+64x2e+64x3o | 16384 weights)
      (skip_tp): FullyConnectedTensorProduct(64x0e+64x1o+64x2e+64x3o x 2x0e -> 64x0e+64x1o+64x2e+64x3o | 32768 paths | 32768 weights)
      (reshape): reshape_irreps()
    )
    (1): RealAgnosticResidualInteractionBlock(
      (linear_up): Linear(64x0e -> 64x0e | 4096 weights)
      (conv_tp): TensorProduct(64x0e x 1x0e+1x1o+1x2e+1x3o -> 64x0e+64x1o+64x2e+64x3o | 256 paths | 256 weights)
      (conv_tp_weights): FullyConnectedNet[8, 64, 64, 64, 256]
      (linear): Linear(64x0e+64x1o+64x2e+64x3o -> 64x0e+64x1o+64x2e+64x3o | 16384 weights)
      (skip_tp): FullyConnectedTensorProduct(64x0e x 2x0e -> 64x0e | 8192 paths | 8192 weights)
      (reshape): reshape_irreps()
    )
  )
  (products): ModuleList(
    (0-1): 2 x EquivariantProductBasisBlock(
      (symmetric_contractions): SymmetricContraction(
        (contractions): ModuleList(
          (0): Contraction(
            (contractions_weighting): ModuleList(
              (0-1): 2 x GraphModule()
            )
            (contractions_features): ModuleList(
              (0-1): 2 x GraphModule()
            )
            (weights): ParameterList(
                (0): Parameter containing: [torch.float32 of size 2x4x64]
                (1): Parameter containing: [torch.float32 of size 2x1x64]
            )
            (graph_opt_main): GraphModule()
          )
        )
      )
      (linear): Linear(64x0e -> 64x0e | 4096 weights)
    )
  )
  (readouts): ModuleList(
    (0): LinearReadoutBlock(
      (linear): Linear(64x0e -> 1x0e | 64 weights)
    )
    (1): NonLinearReadoutBlock(
      (linear_1): Linear(64x0e -> 16x0e | 1024 weights)
      (non_linearity): Activation [x] (16x0e -> 16x0e)
      (linear_2): Linear(16x0e -> 1x0e | 16 weights)
    )
  )
  (scale_shift): ScaleShiftBlock(scale=0.0438, shift=0.0000)
)
2026-01-31 18:30:49.366 INFO: Total number of parameters: 148688
2026-01-31 18:30:49.366 INFO: 
2026-01-31 18:30:49.366 INFO: ===========OPTIMIZER INFORMATION===========
2026-01-31 18:30:49.366 INFO: Using ADAM as parameter optimizer
2026-01-31 18:30:49.366 INFO: Batch size: 16
2026-01-31 18:30:49.366 INFO: Using Exponential Moving Average with decay: 0.99
2026-01-31 18:30:49.366 INFO: Number of gradient updates: 12778
2026-01-31 18:30:49.366 INFO: Learning rate: 0.01, weight decay: 5e-07
2026-01-31 18:30:49.366 INFO: WeightedEnergyForcesLoss(energy_weight=10.000, forces_weight=1000.000)
2026-01-31 18:30:49.367 INFO: Stage Two (after 100 epochs) with loss function: WeightedEnergyForcesLoss(energy_weight=1000.000, forces_weight=100.000), with energy weight : 1000.0, forces weight : 100.0 and learning rate : 0.001
2026-01-31 18:30:49.456 WARNING: No SWA checkpoint found, while SWA is enabled. Compare the swa_start parameter and the latest checkpoint.
2026-01-31 18:30:49.457 INFO: Loading checkpoint: ./checkpoints/water_1k_small_run-123_epoch-4.pt
2026-01-31 18:30:49.465 INFO: Using gradient clipping with tolerance=10.000
2026-01-31 18:30:49.465 INFO: 
2026-01-31 18:30:49.465 INFO: ===========TRAINING===========
2026-01-31 18:30:49.465 INFO: Started training, reporting errors on validation set
2026-01-31 18:30:49.465 INFO: Loss metrics on validation set
2026-01-31 18:32:38.402 INFO: ===========VERIFYING SETTINGS===========
2026-01-31 18:32:38.403 INFO: Stage Two is activated as start_stage_two was defined
2026-01-31 18:32:38.403 INFO: MACE version: 0.3.14
2026-01-31 18:32:38.403 DEBUG: Configuration: Namespace(config='water_mace_config.yaml', name='water_1k_small', seed=123, work_dir='.', log_dir='./logs', model_dir='.', checkpoints_dir='./checkpoints', results_dir='./results', downloads_dir='./downloads', device='cpu', default_dtype='float32', distributed=False, launcher='slurm', log_level='INFO', plot=True, plot_frequency=0, plot_interaction_e=False, error_table='PerAtomMAE', model='MACE', r_max=6.0, radial_type='bessel', num_radial_basis=8, num_cutoff_basis=5, pair_repulsion=False, distance_transform='None', apply_cutoff=True, use_last_readout_only=False, use_embedding_readout=False, interaction='RealAgnosticResidualInteractionBlock', interaction_first='RealAgnosticResidualInteractionBlock', max_ell=3, correlation=3, use_reduced_cg=False, use_so3=False, use_agnostic_product=False, num_interactions=2, MLP_irreps='16x0e', radial_MLP='[64, 64, 64]', hidden_irreps=64x0e, edge_irreps=None, num_channels=64, max_L=0, gate='silu', scaling='rms_forces_scaling', avg_num_neighbors=1, compute_avg_num_neighbors=True, compute_stress=False, compute_forces=True, compute_polarizability=<function str2bool at 0x10cc23f60>, compute_atomic_dipole=<function str2bool at 0x10cc23f60>, train_file='water_data/train.xyz', valid_file=None, valid_fraction=0.05, test_file='water_data/test.xyz', test_dir=None, multi_processed_test=False, num_workers=0, pin_memory=True, atomic_numbers=None, mean=None, std=None, statistics_file=None, les_arguments=None, E0s='average', pseudolabel_replay=False, foundation_filter_elements=True, heads=None, multiheads_finetuning=True, foundation_head=None, weight_pt_head=1.0, real_pt_data_ratio_threshold=0.1, num_samples_pt=10000, force_mh_ft_lr=False, subselect_pt='random', filter_type_pt='none', allow_random_padding_pt=True, pt_train_file=None, pt_valid_file=None, foundation_model_elements=False, keep_isolated_atoms=False, energy_key='TotEnergy', forces_key='force', virials_key='REF_virials', stress_key='REF_stress', dipole_key='dipole', polarizability_key='polarizability', head_key='head', charges_key='REF_charges', elec_temp_key='elec_temp', total_spin_key='total_spin', total_charge_key='total_charge', embedding_specs=None, skip_evaluate_heads='pt_head', loss='weighted', forces_weight=1000.0, swa_forces_weight=100.0, energy_weight=10.0, swa_energy_weight=1000.0, virials_weight=1.0, swa_virials_weight=10.0, stress_weight=1.0, swa_stress_weight=10.0, dipole_weight=1.0, swa_dipole_weight=1.0, swa_polarizability_weight=1.0, polarizability_weight=1.0, config_type_weights='{"Default":1.0}', huber_delta=0.01, optimizer='adam', beta=0.9, batch_size=16, valid_batch_size=32, lr=0.01, swa_lr=0.001, weight_decay=5e-07, amsgrad=True, scheduler='ReduceLROnPlateau', lr_factor=0.8, scheduler_patience=15, lr_scheduler_gamma=0.9993, swa=True, start_swa=100, lbfgs=False, ema=True, ema_decay=0.99, max_num_epochs=150, patience=30, foundation_model=None, foundation_model_readout=True, eval_interval=4, keep_checkpoints=False, save_all_checkpoints=False, restart_latest=True, save_cpu=True, clip_grad=10.0, dry_run=False, enable_cueq=False, only_cueq=False, enable_oeq=False, wandb=False, wandb_dir=None, wandb_project='', wandb_entity='', wandb_name='', wandb_log_hypers=['num_channels', 'max_L', 'correlation', 'lr', 'swa_lr', 'weight_decay', 'batch_size', 'max_num_epochs', 'start_swa', 'energy_weight', 'forces_weight'], key_specification=KeySpecification(info_keys={'energy': 'TotEnergy', 'stress': 'REF_stress', 'virials': 'REF_virials', 'dipole': 'dipole', 'head': 'head', 'elec_temp': 'elec_temp', 'total_charge': 'total_charge', 'polarizability': 'polarizability', 'total_spin': 'total_spin'}, arrays_keys={'forces': 'force', 'charges': 'REF_charges'}))
2026-01-31 18:32:38.403 INFO: Using CPU
2026-01-31 18:32:38.433 DEBUG: Popen(['git', 'version'], cwd=/Users/jameszhao/Desktop/CS2535, stdin=None, shell=False, universal_newlines=False)
2026-01-31 18:32:38.460 DEBUG: Popen(['git', 'version'], cwd=/Users/jameszhao/Desktop/CS2535, stdin=None, shell=False, universal_newlines=False)
2026-01-31 18:32:38.482 DEBUG: sys.platform='darwin', git_executable='git'
2026-01-31 18:32:38.483 DEBUG: Error accessing Git repository: /Users/jameszhao/Desktop/CS2535
2026-01-31 18:32:38.483 INFO: ===========LOADING INPUT DATA===========
2026-01-31 18:32:38.483 INFO: Using heads: ['Default']
2026-01-31 18:32:38.483 INFO: Using the key specifications to parse data:
2026-01-31 18:32:38.483 INFO: Default: KeySpecification(info_keys={'energy': 'TotEnergy', 'stress': 'REF_stress', 'virials': 'REF_virials', 'dipole': 'dipole', 'head': 'head', 'elec_temp': 'elec_temp', 'total_charge': 'total_charge', 'polarizability': 'polarizability', 'total_spin': 'total_spin'}, arrays_keys={'forces': 'force', 'charges': 'REF_charges'})
2026-01-31 18:32:38.483 INFO: =============    Processing head Default     ===========
2026-01-31 18:32:38.483 DEBUG: Loading training file: water_data/train.xyz
2026-01-31 18:32:38.982 INFO: Training set 1/1 [energy: 1434, stress: 0, virials: 0, dipole components: 0, head: 1434, elec_temp: 0, total_charge: 0, polarizability: 0, total_spin: 0, forces: 1434, charges: 0]
2026-01-31 18:32:38.985 INFO: Total Training set [energy: 1434, stress: 0, virials: 0, dipole components: 0, head: 1434, elec_temp: 0, total_charge: 0, polarizability: 0, total_spin: 0, forces: 1434, charges: 0]
2026-01-31 18:32:38.985 INFO: No validation set provided, splitting training data instead.
2026-01-31 18:32:38.985 INFO: Using random 5% of training set for validation with indices saved in: ./valid_indices_123.txt
2026-01-31 18:32:38.988 INFO: Random Split Training set [energy: 1363, stress: 0, virials: 0, dipole components: 0, head: 1363, elec_temp: 0, total_charge: 0, polarizability: 0, total_spin: 0, forces: 1363, charges: 0]
2026-01-31 18:32:38.988 INFO: Random Split Validation set [energy: 71, stress: 0, virials: 0, dipole components: 0, head: 71, elec_temp: 0, total_charge: 0, polarizability: 0, total_spin: 0, forces: 71, charges: 0]
2026-01-31 18:32:39.048 INFO: Test set 1/1 [energy: 159, stress: 0, virials: 0, dipole components: 0, head: 159, elec_temp: 0, total_charge: 0, polarizability: 0, total_spin: 0, forces: 159, charges: 0]
2026-01-31 18:32:39.049 INFO: Total Test set [energy: 159, stress: 0, virials: 0, dipole components: 0, head: 159, elec_temp: 0, total_charge: 0, polarizability: 0, total_spin: 0, forces: 159, charges: 0]
2026-01-31 18:32:39.049 INFO: Total number of configurations: train=1363, valid=71, tests=[Default_Default: 159],
2026-01-31 18:32:39.061 INFO: Atomic Numbers used: [np.int64(1), np.int64(8)]
2026-01-31 18:32:39.061 INFO: Isolated Atomic Energies (E0s) not in training file, using command line argument
2026-01-31 18:32:39.061 INFO: Computing average Atomic Energies using least squares regression
2026-01-31 18:32:39.064 INFO: Atomic Energies used (z: eV) for head Default: {1: -6.894351854823918, 8: -3.447175927411959}
2026-01-31 18:32:39.064 INFO: Processing datasets for head 'Default'
2026-01-31 18:32:39.663 DEBUG: Successfully loaded dataset from ASE files: ['water_data/train.xyz']
2026-01-31 18:32:39.663 INFO: Combining 1 list datasets for head 'Default'
2026-01-31 18:32:39.697 INFO: Head 'Default' training dataset size: 1363
2026-01-31 18:32:39.697 INFO: Computing average number of neighbors
2026-01-31 18:32:39.897 INFO: Average number of neighbors: 10.374601364135742
2026-01-31 18:32:39.897 INFO: During training the following quantities will be reported: energy, forces
2026-01-31 18:32:39.897 INFO: ===========MODEL DETAILS===========
2026-01-31 18:32:40.032 INFO: Building model
2026-01-31 18:32:40.033 INFO: Message passing with 64 channels and max_L=0 (64x0e)
2026-01-31 18:32:40.033 INFO: 2 layers, each with correlation order: 3 (body order: 4) and spherical harmonics up to: l=3
2026-01-31 18:32:40.033 INFO: 8 radial and 5 basis functions
2026-01-31 18:32:40.033 INFO: Radial cutoff: 6.0 A (total receptive field for each atom: 12.0 A)
2026-01-31 18:32:40.033 INFO: Distance transform for radial basis functions: None
2026-01-31 18:32:40.033 INFO: Hidden irreps: 64x0e
2026-01-31 18:32:40.494 DEBUG: ScaleShiftMACE(
  (node_embedding): LinearNodeEmbeddingBlock(
    (linear): Linear(2x0e -> 64x0e | 128 weights)
  )
  (radial_embedding): RadialEmbeddingBlock(
    (bessel_fn): BesselBasis(r_max=6.0, num_basis=8, trainable=False)
    (cutoff_fn): PolynomialCutoff(p=5, r_max=6.0)
  )
  (spherical_harmonics): SphericalHarmonics()
  (atomic_energies_fn): AtomicEnergiesBlock(energies=[[-6.8944, -3.4472]])
  (interactions): ModuleList(
    (0): RealAgnosticInteractionBlock(
      (linear_up): Linear(64x0e -> 64x0e | 4096 weights)
      (conv_tp): TensorProduct(64x0e x 1x0e+1x1o+1x2e+1x3o -> 64x0e+64x1o+64x2e+64x3o | 256 paths | 256 weights)
      (conv_tp_weights): FullyConnectedNet[8, 64, 64, 64, 256]
      (linear): Linear(64x0e+64x1o+64x2e+64x3o -> 64x0e+64x1o+64x2e+64x3o | 16384 weights)
      (skip_tp): FullyConnectedTensorProduct(64x0e+64x1o+64x2e+64x3o x 2x0e -> 64x0e+64x1o+64x2e+64x3o | 32768 paths | 32768 weights)
      (reshape): reshape_irreps()
    )
    (1): RealAgnosticResidualInteractionBlock(
      (linear_up): Linear(64x0e -> 64x0e | 4096 weights)
      (conv_tp): TensorProduct(64x0e x 1x0e+1x1o+1x2e+1x3o -> 64x0e+64x1o+64x2e+64x3o | 256 paths | 256 weights)
      (conv_tp_weights): FullyConnectedNet[8, 64, 64, 64, 256]
      (linear): Linear(64x0e+64x1o+64x2e+64x3o -> 64x0e+64x1o+64x2e+64x3o | 16384 weights)
      (skip_tp): FullyConnectedTensorProduct(64x0e x 2x0e -> 64x0e | 8192 paths | 8192 weights)
      (reshape): reshape_irreps()
    )
  )
  (products): ModuleList(
    (0-1): 2 x EquivariantProductBasisBlock(
      (symmetric_contractions): SymmetricContraction(
        (contractions): ModuleList(
          (0): Contraction(
            (contractions_weighting): ModuleList(
              (0-1): 2 x GraphModule()
            )
            (contractions_features): ModuleList(
              (0-1): 2 x GraphModule()
            )
            (weights): ParameterList(
                (0): Parameter containing: [torch.float32 of size 2x4x64]
                (1): Parameter containing: [torch.float32 of size 2x1x64]
            )
            (graph_opt_main): GraphModule()
          )
        )
      )
      (linear): Linear(64x0e -> 64x0e | 4096 weights)
    )
  )
  (readouts): ModuleList(
    (0): LinearReadoutBlock(
      (linear): Linear(64x0e -> 1x0e | 64 weights)
    )
    (1): NonLinearReadoutBlock(
      (linear_1): Linear(64x0e -> 16x0e | 1024 weights)
      (non_linearity): Activation [x] (16x0e -> 16x0e)
      (linear_2): Linear(16x0e -> 1x0e | 16 weights)
    )
  )
  (scale_shift): ScaleShiftBlock(scale=0.0438, shift=0.0000)
)
2026-01-31 18:32:40.495 INFO: Total number of parameters: 148688
2026-01-31 18:32:40.495 INFO: 
2026-01-31 18:32:40.495 INFO: ===========OPTIMIZER INFORMATION===========
2026-01-31 18:32:40.495 INFO: Using ADAM as parameter optimizer
2026-01-31 18:32:40.495 INFO: Batch size: 16
2026-01-31 18:32:40.495 INFO: Using Exponential Moving Average with decay: 0.99
2026-01-31 18:32:40.495 INFO: Number of gradient updates: 12778
2026-01-31 18:32:40.495 INFO: Learning rate: 0.01, weight decay: 5e-07
2026-01-31 18:32:40.495 INFO: WeightedEnergyForcesLoss(energy_weight=10.000, forces_weight=1000.000)
2026-01-31 18:32:40.495 INFO: Stage Two (after 100 epochs) with loss function: WeightedEnergyForcesLoss(energy_weight=1000.000, forces_weight=100.000), with energy weight : 1000.0, forces weight : 100.0 and learning rate : 0.001
2026-01-31 18:32:40.531 WARNING: No SWA checkpoint found, while SWA is enabled. Compare the swa_start parameter and the latest checkpoint.
2026-01-31 18:32:40.532 INFO: Loading checkpoint: ./checkpoints/water_1k_small_run-123_epoch-4.pt
2026-01-31 18:32:40.544 INFO: Using gradient clipping with tolerance=10.000
2026-01-31 18:32:40.544 INFO: 
2026-01-31 18:32:40.544 INFO: ===========TRAINING===========
2026-01-31 18:32:40.544 INFO: Started training, reporting errors on validation set
2026-01-31 18:32:40.544 INFO: Loss metrics on validation set
2026-01-31 18:32:45.139 INFO: Initial: head: Default, loss=0.00153295, MAE_E_per_atom=   14.82 meV, MAE_F=    3.47 meV / A
2026-01-31 18:35:56.932 INFO: Epoch 4: head: Default, loss=0.00132799, MAE_E_per_atom=   11.11 meV, MAE_F=    3.32 meV / A
2026-01-31 18:35:56.934 DEBUG: Saving checkpoint: ./checkpoints/water_1k_small_run-123_epoch-4.pt
2026-01-31 18:37:30.743 INFO: Epoch 8: head: Default, loss=0.00067613, MAE_E_per_atom=    2.83 meV, MAE_F=    2.52 meV / A
2026-01-31 18:37:30.745 DEBUG: Deleting old checkpoint file: ./checkpoints/water_1k_small_run-123_epoch-4.pt
2026-01-31 18:37:30.746 DEBUG: Saving checkpoint: ./checkpoints/water_1k_small_run-123_epoch-8.pt
2026-01-31 18:44:55.646 INFO: ===========VERIFYING SETTINGS===========
2026-01-31 18:44:55.646 INFO: Stage Two is activated as start_stage_two was defined
2026-01-31 18:44:55.646 INFO: MACE version: 0.3.14
2026-01-31 18:44:55.646 DEBUG: Configuration: Namespace(config='water_mace_config.yaml', name='water_1k_small', seed=123, work_dir='.', log_dir='./logs', model_dir='.', checkpoints_dir='./checkpoints', results_dir='./results', downloads_dir='./downloads', device='cpu', default_dtype='float32', distributed=False, launcher='slurm', log_level='INFO', plot=True, plot_frequency=0, plot_interaction_e=False, error_table='PerAtomMAE', model='MACE', r_max=6.0, radial_type='bessel', num_radial_basis=8, num_cutoff_basis=5, pair_repulsion=False, distance_transform='None', apply_cutoff=True, use_last_readout_only=False, use_embedding_readout=False, interaction='RealAgnosticResidualInteractionBlock', interaction_first='RealAgnosticResidualInteractionBlock', max_ell=3, correlation=3, use_reduced_cg=False, use_so3=False, use_agnostic_product=False, num_interactions=2, MLP_irreps='16x0e', radial_MLP='[64, 64, 64]', hidden_irreps=64x0e, edge_irreps=None, num_channels=64, max_L=0, gate='silu', scaling='rms_forces_scaling', avg_num_neighbors=1, compute_avg_num_neighbors=True, compute_stress=False, compute_forces=True, compute_polarizability=<function str2bool at 0x130427f60>, compute_atomic_dipole=<function str2bool at 0x130427f60>, train_file='water_data/train.xyz', valid_file=None, valid_fraction=0.05, test_file='water_data/test.xyz', test_dir=None, multi_processed_test=False, num_workers=0, pin_memory=True, atomic_numbers=None, mean=None, std=None, statistics_file=None, les_arguments=None, E0s='average', pseudolabel_replay=False, foundation_filter_elements=True, heads=None, multiheads_finetuning=True, foundation_head=None, weight_pt_head=1.0, real_pt_data_ratio_threshold=0.1, num_samples_pt=10000, force_mh_ft_lr=False, subselect_pt='random', filter_type_pt='none', allow_random_padding_pt=True, pt_train_file=None, pt_valid_file=None, foundation_model_elements=False, keep_isolated_atoms=False, energy_key='TotEnergy', forces_key='force', virials_key='REF_virials', stress_key='REF_stress', dipole_key='dipole', polarizability_key='polarizability', head_key='head', charges_key='REF_charges', elec_temp_key='elec_temp', total_spin_key='total_spin', total_charge_key='total_charge', embedding_specs=None, skip_evaluate_heads='pt_head', loss='weighted', forces_weight=1000.0, swa_forces_weight=100.0, energy_weight=10.0, swa_energy_weight=1000.0, virials_weight=1.0, swa_virials_weight=10.0, stress_weight=1.0, swa_stress_weight=10.0, dipole_weight=1.0, swa_dipole_weight=1.0, swa_polarizability_weight=1.0, polarizability_weight=1.0, config_type_weights='{"Default":1.0}', huber_delta=0.01, optimizer='adam', beta=0.9, batch_size=128, valid_batch_size=128, lr=0.01, swa_lr=0.001, weight_decay=5e-07, amsgrad=True, scheduler='ReduceLROnPlateau', lr_factor=0.8, scheduler_patience=2, lr_scheduler_gamma=0.9993, swa=True, start_swa=2, lbfgs=False, ema=True, ema_decay=0.99, max_num_epochs=4, patience=4, foundation_model=None, foundation_model_readout=True, eval_interval=1, keep_checkpoints=False, save_all_checkpoints=False, restart_latest=True, save_cpu=True, clip_grad=10.0, dry_run=False, enable_cueq=False, only_cueq=False, enable_oeq=False, wandb=False, wandb_dir=None, wandb_project='', wandb_entity='', wandb_name='', wandb_log_hypers=['num_channels', 'max_L', 'correlation', 'lr', 'swa_lr', 'weight_decay', 'batch_size', 'max_num_epochs', 'start_swa', 'energy_weight', 'forces_weight'], key_specification=KeySpecification(info_keys={'energy': 'TotEnergy', 'stress': 'REF_stress', 'virials': 'REF_virials', 'dipole': 'dipole', 'head': 'head', 'elec_temp': 'elec_temp', 'total_charge': 'total_charge', 'polarizability': 'polarizability', 'total_spin': 'total_spin'}, arrays_keys={'forces': 'force', 'charges': 'REF_charges'}))
2026-01-31 18:44:55.646 INFO: Using CPU
2026-01-31 18:44:55.671 DEBUG: Popen(['git', 'version'], cwd=/Users/jameszhao/Desktop/CS2535, stdin=None, shell=False, universal_newlines=False)
2026-01-31 18:44:55.691 DEBUG: Popen(['git', 'version'], cwd=/Users/jameszhao/Desktop/CS2535, stdin=None, shell=False, universal_newlines=False)
2026-01-31 18:44:55.710 DEBUG: sys.platform='darwin', git_executable='git'
2026-01-31 18:44:55.710 DEBUG: Error accessing Git repository: /Users/jameszhao/Desktop/CS2535
2026-01-31 18:44:55.710 INFO: ===========LOADING INPUT DATA===========
2026-01-31 18:44:55.710 INFO: Using heads: ['Default']
2026-01-31 18:44:55.710 INFO: Using the key specifications to parse data:
2026-01-31 18:44:55.710 INFO: Default: KeySpecification(info_keys={'energy': 'TotEnergy', 'stress': 'REF_stress', 'virials': 'REF_virials', 'dipole': 'dipole', 'head': 'head', 'elec_temp': 'elec_temp', 'total_charge': 'total_charge', 'polarizability': 'polarizability', 'total_spin': 'total_spin'}, arrays_keys={'forces': 'force', 'charges': 'REF_charges'})
2026-01-31 18:44:55.710 INFO: =============    Processing head Default     ===========
2026-01-31 18:44:55.710 DEBUG: Loading training file: water_data/train.xyz
2026-01-31 18:44:56.174 INFO: Training set 1/1 [energy: 1434, stress: 0, virials: 0, dipole components: 0, head: 1434, elec_temp: 0, total_charge: 0, polarizability: 0, total_spin: 0, forces: 1434, charges: 0]
2026-01-31 18:44:56.177 INFO: Total Training set [energy: 1434, stress: 0, virials: 0, dipole components: 0, head: 1434, elec_temp: 0, total_charge: 0, polarizability: 0, total_spin: 0, forces: 1434, charges: 0]
2026-01-31 18:44:56.177 INFO: No validation set provided, splitting training data instead.
2026-01-31 18:44:56.178 INFO: Using random 5% of training set for validation with indices saved in: ./valid_indices_123.txt
2026-01-31 18:44:56.182 INFO: Random Split Training set [energy: 1363, stress: 0, virials: 0, dipole components: 0, head: 1363, elec_temp: 0, total_charge: 0, polarizability: 0, total_spin: 0, forces: 1363, charges: 0]
2026-01-31 18:44:56.182 INFO: Random Split Validation set [energy: 71, stress: 0, virials: 0, dipole components: 0, head: 71, elec_temp: 0, total_charge: 0, polarizability: 0, total_spin: 0, forces: 71, charges: 0]
2026-01-31 18:44:56.241 INFO: Test set 1/1 [energy: 159, stress: 0, virials: 0, dipole components: 0, head: 159, elec_temp: 0, total_charge: 0, polarizability: 0, total_spin: 0, forces: 159, charges: 0]
2026-01-31 18:44:56.241 INFO: Total Test set [energy: 159, stress: 0, virials: 0, dipole components: 0, head: 159, elec_temp: 0, total_charge: 0, polarizability: 0, total_spin: 0, forces: 159, charges: 0]
2026-01-31 18:44:56.242 INFO: Total number of configurations: train=1363, valid=71, tests=[Default_Default: 159],
2026-01-31 18:44:56.242 WARNING: Validation batch size (128) is larger than the number of validation data (71)
2026-01-31 18:44:56.255 INFO: Atomic Numbers used: [np.int64(1), np.int64(8)]
2026-01-31 18:44:56.255 INFO: Isolated Atomic Energies (E0s) not in training file, using command line argument
2026-01-31 18:44:56.255 INFO: Computing average Atomic Energies using least squares regression
2026-01-31 18:44:56.257 INFO: Atomic Energies used (z: eV) for head Default: {1: -6.894351854823918, 8: -3.447175927411959}
2026-01-31 18:44:56.257 INFO: Processing datasets for head 'Default'
2026-01-31 18:44:56.855 DEBUG: Successfully loaded dataset from ASE files: ['water_data/train.xyz']
2026-01-31 18:44:56.855 INFO: Combining 1 list datasets for head 'Default'
2026-01-31 18:44:56.884 INFO: Head 'Default' training dataset size: 1363
2026-01-31 18:44:56.885 INFO: Computing average number of neighbors
2026-01-31 18:44:57.058 INFO: Average number of neighbors: 10.371346473693848
2026-01-31 18:44:57.058 INFO: During training the following quantities will be reported: energy, forces
2026-01-31 18:44:57.058 INFO: ===========MODEL DETAILS===========
2026-01-31 18:44:57.144 INFO: Building model
2026-01-31 18:44:57.144 INFO: Message passing with 64 channels and max_L=0 (64x0e)
2026-01-31 18:44:57.144 INFO: 2 layers, each with correlation order: 3 (body order: 4) and spherical harmonics up to: l=3
2026-01-31 18:44:57.144 INFO: 8 radial and 5 basis functions
2026-01-31 18:44:57.144 INFO: Radial cutoff: 6.0 A (total receptive field for each atom: 12.0 A)
2026-01-31 18:44:57.144 INFO: Distance transform for radial basis functions: None
2026-01-31 18:44:57.144 INFO: Hidden irreps: 64x0e
2026-01-31 18:44:57.547 DEBUG: ScaleShiftMACE(
  (node_embedding): LinearNodeEmbeddingBlock(
    (linear): Linear(2x0e -> 64x0e | 128 weights)
  )
  (radial_embedding): RadialEmbeddingBlock(
    (bessel_fn): BesselBasis(r_max=6.0, num_basis=8, trainable=False)
    (cutoff_fn): PolynomialCutoff(p=5, r_max=6.0)
  )
  (spherical_harmonics): SphericalHarmonics()
  (atomic_energies_fn): AtomicEnergiesBlock(energies=[[-6.8944, -3.4472]])
  (interactions): ModuleList(
    (0): RealAgnosticInteractionBlock(
      (linear_up): Linear(64x0e -> 64x0e | 4096 weights)
      (conv_tp): TensorProduct(64x0e x 1x0e+1x1o+1x2e+1x3o -> 64x0e+64x1o+64x2e+64x3o | 256 paths | 256 weights)
      (conv_tp_weights): FullyConnectedNet[8, 64, 64, 64, 256]
      (linear): Linear(64x0e+64x1o+64x2e+64x3o -> 64x0e+64x1o+64x2e+64x3o | 16384 weights)
      (skip_tp): FullyConnectedTensorProduct(64x0e+64x1o+64x2e+64x3o x 2x0e -> 64x0e+64x1o+64x2e+64x3o | 32768 paths | 32768 weights)
      (reshape): reshape_irreps()
    )
    (1): RealAgnosticResidualInteractionBlock(
      (linear_up): Linear(64x0e -> 64x0e | 4096 weights)
      (conv_tp): TensorProduct(64x0e x 1x0e+1x1o+1x2e+1x3o -> 64x0e+64x1o+64x2e+64x3o | 256 paths | 256 weights)
      (conv_tp_weights): FullyConnectedNet[8, 64, 64, 64, 256]
      (linear): Linear(64x0e+64x1o+64x2e+64x3o -> 64x0e+64x1o+64x2e+64x3o | 16384 weights)
      (skip_tp): FullyConnectedTensorProduct(64x0e x 2x0e -> 64x0e | 8192 paths | 8192 weights)
      (reshape): reshape_irreps()
    )
  )
  (products): ModuleList(
    (0-1): 2 x EquivariantProductBasisBlock(
      (symmetric_contractions): SymmetricContraction(
        (contractions): ModuleList(
          (0): Contraction(
            (contractions_weighting): ModuleList(
              (0-1): 2 x GraphModule()
            )
            (contractions_features): ModuleList(
              (0-1): 2 x GraphModule()
            )
            (weights): ParameterList(
                (0): Parameter containing: [torch.float32 of size 2x4x64]
                (1): Parameter containing: [torch.float32 of size 2x1x64]
            )
            (graph_opt_main): GraphModule()
          )
        )
      )
      (linear): Linear(64x0e -> 64x0e | 4096 weights)
    )
  )
  (readouts): ModuleList(
    (0): LinearReadoutBlock(
      (linear): Linear(64x0e -> 1x0e | 64 weights)
    )
    (1): NonLinearReadoutBlock(
      (linear_1): Linear(64x0e -> 16x0e | 1024 weights)
      (non_linearity): Activation [x] (16x0e -> 16x0e)
      (linear_2): Linear(16x0e -> 1x0e | 16 weights)
    )
  )
  (scale_shift): ScaleShiftBlock(scale=0.0437, shift=0.0000)
)
2026-01-31 18:44:57.548 INFO: Total number of parameters: 148688
2026-01-31 18:44:57.548 INFO: 
2026-01-31 18:44:57.548 INFO: ===========OPTIMIZER INFORMATION===========
2026-01-31 18:44:57.548 INFO: Using ADAM as parameter optimizer
2026-01-31 18:44:57.548 INFO: Batch size: 128
2026-01-31 18:44:57.548 INFO: Using Exponential Moving Average with decay: 0.99
2026-01-31 18:44:57.548 INFO: Number of gradient updates: 42
2026-01-31 18:44:57.548 INFO: Learning rate: 0.01, weight decay: 5e-07
2026-01-31 18:44:57.548 INFO: WeightedEnergyForcesLoss(energy_weight=10.000, forces_weight=1000.000)
2026-01-31 18:44:57.548 INFO: Stage Two (after 2 epochs) with loss function: WeightedEnergyForcesLoss(energy_weight=1000.000, forces_weight=100.000), with energy weight : 1000.0, forces weight : 100.0 and learning rate : 0.001
2026-01-31 18:44:57.582 WARNING: No SWA checkpoint found, while SWA is enabled. Compare the swa_start parameter and the latest checkpoint.
2026-01-31 18:44:57.583 INFO: Loading checkpoint: ./checkpoints/water_1k_small_run-123_epoch-8.pt
2026-01-31 18:44:57.595 INFO: Using gradient clipping with tolerance=10.000
2026-01-31 18:44:57.595 INFO: 
2026-01-31 18:44:57.595 INFO: ===========TRAINING===========
2026-01-31 18:44:57.595 INFO: Started training, reporting errors on validation set
2026-01-31 18:44:57.595 INFO: Loss metrics on validation set
2026-01-31 18:45:03.322 INFO: Initial: head: Default, loss=0.00026100, MAE_E_per_atom=    2.83 meV, MAE_F=    2.52 meV / A
2026-01-31 18:45:03.323 INFO: Training complete
2026-01-31 18:45:03.323 INFO: 
2026-01-31 18:45:03.323 INFO: ===========RESULTS===========
2026-01-31 18:45:03.406 INFO: Loading checkpoint: ./checkpoints/water_1k_small_run-123_epoch-8.pt
2026-01-31 18:45:03.413 INFO: Loaded Stage one model from epoch 8 for evaluation
2026-01-31 18:45:03.413 INFO: Saving model to checkpoints/water_1k_small_run-123.model
2026-01-31 18:45:03.493 INFO: Compiling model, saving metadata to water_1k_small_compiled.model
2026-01-31 18:45:03.793 INFO: Computing metrics for training, validation, and test sets
2026-01-31 18:45:03.793 INFO: Skipping evaluation for heads: ['pt_head']
2026-01-31 18:45:03.794 INFO: Evaluating train_Default ...
2026-01-31 18:46:27.467 INFO: Evaluating valid_Default ...
2026-01-31 18:46:30.690 INFO: Error-table on TRAIN and VALID:
+---------------+--------------------+-----------------+------------------+
|  config_type  | MAE E / meV / atom | MAE F / meV / A | relative F MAE % |
+---------------+--------------------+-----------------+------------------+
| train_Default |           2.7      |          2.2    |         8.01     |
| valid_Default |           2.8      |          2.5    |         9.02     |
+---------------+--------------------+-----------------+------------------+
2026-01-31 18:46:30.691 INFO: Evaluating Default_Default ...
2026-01-31 18:46:40.840 INFO: Error-table on TEST:
+-----------------+--------------------+-----------------+------------------+
|   config_type   | MAE E / meV / atom | MAE F / meV / A | relative F MAE % |
+-----------------+--------------------+-----------------+------------------+
| Default_Default |           2.7      |          2.1    |         7.52     |
+-----------------+--------------------+-----------------+------------------+
2026-01-31 18:46:40.843 DEBUG: Running inference on train_Default dataset
2026-01-31 18:46:50.347 DEBUG: Plotting failed: too many indices for tensor of dimension 1
2026-01-31 18:46:50.353 WARNING: No SWA checkpoint found, while SWA is enabled. Compare the swa_start parameter and the latest checkpoint.
2026-01-31 18:54:58.134 INFO: Epoch 12: head: Default, loss=0.00041621, MAE_E_per_atom=    1.07 meV, MAE_F=    2.06 meV / A
2026-01-31 18:54:58.137 DEBUG: Deleting old checkpoint file: ./checkpoints/water_1k_small_run-123_epoch-8.pt
2026-01-31 18:54:58.138 DEBUG: Saving checkpoint: ./checkpoints/water_1k_small_run-123_epoch-12.pt
2026-01-31 19:09:00.763 INFO: Epoch 16: head: Default, loss=0.00036229, MAE_E_per_atom=    0.70 meV, MAE_F=    1.92 meV / A
2026-01-31 19:09:00.765 DEBUG: Deleting old checkpoint file: ./checkpoints/water_1k_small_run-123_epoch-12.pt
2026-01-31 19:09:00.766 DEBUG: Saving checkpoint: ./checkpoints/water_1k_small_run-123_epoch-16.pt
2026-01-31 19:23:03.251 INFO: Epoch 20: head: Default, loss=0.00034059, MAE_E_per_atom=    0.48 meV, MAE_F=    1.85 meV / A
2026-01-31 19:23:03.253 DEBUG: Deleting old checkpoint file: ./checkpoints/water_1k_small_run-123_epoch-16.pt
2026-01-31 19:23:03.253 DEBUG: Saving checkpoint: ./checkpoints/water_1k_small_run-123_epoch-20.pt
2026-01-31 19:37:06.997 INFO: Epoch 24: head: Default, loss=0.00029995, MAE_E_per_atom=    0.40 meV, MAE_F=    1.78 meV / A
2026-01-31 19:37:06.998 DEBUG: Deleting old checkpoint file: ./checkpoints/water_1k_small_run-123_epoch-20.pt
2026-01-31 19:37:06.998 DEBUG: Saving checkpoint: ./checkpoints/water_1k_small_run-123_epoch-24.pt
2026-01-31 19:51:08.134 INFO: Epoch 28: head: Default, loss=0.00028194, MAE_E_per_atom=    0.36 meV, MAE_F=    1.73 meV / A
2026-01-31 19:51:08.136 DEBUG: Deleting old checkpoint file: ./checkpoints/water_1k_small_run-123_epoch-24.pt
2026-01-31 19:51:08.137 DEBUG: Saving checkpoint: ./checkpoints/water_1k_small_run-123_epoch-28.pt
2026-01-31 20:47:58.665 INFO: Epoch 32: head: Default, loss=0.00026859, MAE_E_per_atom=    0.37 meV, MAE_F=    1.69 meV / A
2026-01-31 20:47:58.671 DEBUG: Deleting old checkpoint file: ./checkpoints/water_1k_small_run-123_epoch-28.pt
2026-01-31 20:47:58.671 DEBUG: Saving checkpoint: ./checkpoints/water_1k_small_run-123_epoch-32.pt
2026-01-31 21:02:38.389 INFO: Epoch 36: head: Default, loss=0.00024852, MAE_E_per_atom=    0.29 meV, MAE_F=    1.66 meV / A
2026-01-31 21:02:38.391 DEBUG: Deleting old checkpoint file: ./checkpoints/water_1k_small_run-123_epoch-32.pt
2026-01-31 21:02:38.391 DEBUG: Saving checkpoint: ./checkpoints/water_1k_small_run-123_epoch-36.pt
2026-01-31 21:13:42.015 INFO: Changing loss based on Stage Two Weights
2026-01-31 21:17:28.288 INFO: Epoch 40: head: Default, loss=0.00002637, MAE_E_per_atom=    0.18 meV, MAE_F=    1.65 meV / A
2026-01-31 21:17:28.290 DEBUG: Saving checkpoint: ./checkpoints/water_1k_small_run-123_epoch-40_swa.pt
2026-01-31 21:31:52.010 INFO: Epoch 44: head: Default, loss=0.00002554, MAE_E_per_atom=    0.12 meV, MAE_F=    1.64 meV / A
2026-01-31 21:31:52.013 DEBUG: Deleting old checkpoint file: ./checkpoints/water_1k_small_run-123_epoch-40_swa.pt
2026-01-31 21:31:52.015 DEBUG: Saving checkpoint: ./checkpoints/water_1k_small_run-123_epoch-44_swa.pt
2026-01-31 21:46:08.582 INFO: Epoch 48: head: Default, loss=0.00002557, MAE_E_per_atom=    0.12 meV, MAE_F=    1.64 meV / A
2026-01-31 22:21:37.598 INFO: Epoch 52: head: Default, loss=0.00002563, MAE_E_per_atom=    0.12 meV, MAE_F=    1.64 meV / A
2026-01-31 22:36:43.447 INFO: Epoch 56: head: Default, loss=0.00002569, MAE_E_per_atom=    0.12 meV, MAE_F=    1.64 meV / A
2026-01-31 22:53:25.896 INFO: Epoch 60: head: Default, loss=0.00002571, MAE_E_per_atom=    0.12 meV, MAE_F=    1.64 meV / A
2026-01-31 23:08:19.524 INFO: Epoch 64: head: Default, loss=0.00002576, MAE_E_per_atom=    0.12 meV, MAE_F=    1.64 meV / A
2026-01-31 23:28:45.055 INFO: Epoch 68: head: Default, loss=0.00002580, MAE_E_per_atom=    0.12 meV, MAE_F=    1.64 meV / A
2026-02-01 00:00:24.313 INFO: Epoch 72: head: Default, loss=0.00002586, MAE_E_per_atom=    0.12 meV, MAE_F=    1.64 meV / A
2026-02-01 02:43:00.204 INFO: Epoch 76: head: Default, loss=0.00002589, MAE_E_per_atom=    0.12 meV, MAE_F=    1.64 meV / A
2026-02-01 03:09:04.352 INFO: Training complete
2026-02-01 03:09:04.357 INFO: 
2026-02-01 03:09:04.360 INFO: ===========RESULTS===========
2026-02-01 03:09:04.828 INFO: Loading checkpoint: ./checkpoints/water_1k_small_run-123_epoch-36.pt
2026-02-01 03:09:04.891 INFO: Loaded Stage one model from epoch 36 for evaluation
2026-02-01 03:09:04.897 INFO: Saving model to checkpoints/water_1k_small_run-123.model
2026-02-01 03:09:05.413 INFO: Compiling model, saving metadata to water_1k_small_compiled.model
2026-02-01 03:09:07.106 INFO: Computing metrics for training, validation, and test sets
2026-02-01 03:09:07.109 INFO: Skipping evaluation for heads: ['pt_head']
2026-02-01 03:09:07.115 INFO: Evaluating train_Default ...
2026-02-01 03:15:29.032 INFO: Evaluating valid_Default ...
2026-02-01 03:15:53.317 INFO: Error-table on TRAIN and VALID:
+---------------+--------------------+-----------------+------------------+
|  config_type  | MAE E / meV / atom | MAE F / meV / A | relative F MAE % |
+---------------+--------------------+-----------------+------------------+
| train_Default |           0.2      |          1.5    |         5.33     |
| valid_Default |           0.3      |          1.7    |         5.95     |
+---------------+--------------------+-----------------+------------------+
2026-02-01 03:15:53.323 INFO: Evaluating Default_Default ...
2026-02-01 03:16:40.828 INFO: Error-table on TEST:
+-----------------+--------------------+-----------------+------------------+
|   config_type   | MAE E / meV / atom | MAE F / meV / A | relative F MAE % |
+-----------------+--------------------+-----------------+------------------+
| Default_Default |           0.2      |          1.4    |         5.05     |
+-----------------+--------------------+-----------------+------------------+
2026-02-01 03:16:40.839 DEBUG: Running inference on train_Default dataset
2026-02-01 03:16:45.257 DEBUG: Plotting failed: too many indices for tensor of dimension 1
2026-02-01 03:16:45.262 INFO: Loading checkpoint: ./checkpoints/water_1k_small_run-123_epoch-44_swa.pt
2026-02-01 03:16:45.296 INFO: Loaded Stage two model from epoch 44 for evaluation
2026-02-01 03:16:45.298 INFO: Saving model to checkpoints/water_1k_small_run-123_stagetwo.model
2026-02-01 03:16:45.686 INFO: Compiling model, saving metadata water_1k_small_stagetwo_compiled.model
2026-02-01 03:16:47.586 INFO: Computing metrics for training, validation, and test sets
2026-02-01 03:16:47.588 INFO: Skipping evaluation for heads: ['pt_head']
2026-02-01 03:16:47.591 INFO: Evaluating train_Default ...
2026-02-01 03:23:07.832 INFO: Evaluating valid_Default ...
2026-02-01 03:23:32.181 INFO: Error-table on TRAIN and VALID:
+---------------+--------------------+-----------------+------------------+
|  config_type  | MAE E / meV / atom | MAE F / meV / A | relative F MAE % |
+---------------+--------------------+-----------------+------------------+
| train_Default |           0.1      |          1.5    |         5.26     |
| valid_Default |           0.1      |          1.6    |         5.88     |
+---------------+--------------------+-----------------+------------------+
2026-02-01 03:23:32.186 INFO: Evaluating Default_Default ...
2026-02-01 03:24:20.258 INFO: Error-table on TEST:
+-----------------+--------------------+-----------------+------------------+
|   config_type   | MAE E / meV / atom | MAE F / meV / A | relative F MAE % |
+-----------------+--------------------+-----------------+------------------+
| Default_Default |           0.1      |          1.4    |         4.98     |
+-----------------+--------------------+-----------------+------------------+
2026-02-01 03:24:20.265 DEBUG: Running inference on train_Default dataset
2026-02-01 03:24:24.787 DEBUG: Plotting failed: too many indices for tensor of dimension 1
2026-02-01 03:24:24.791 INFO: Done
