2026-02-19 23:38:29.916 INFO: ===========VERIFYING SETTINGS===========
2026-02-19 23:38:29.916 INFO: Stage Two is activated as start_stage_two was defined
2026-02-19 23:38:29.916 INFO: MACE version: 0.3.14
2026-02-19 23:38:29.917 INFO: Using CPU
2026-02-19 23:38:29.991 INFO: ===========LOADING INPUT DATA===========
2026-02-19 23:38:29.991 INFO: Using heads: ['Default']
2026-02-19 23:38:29.991 INFO: Using the key specifications to parse data:
2026-02-19 23:38:29.991 INFO: Default: KeySpecification(info_keys={'energy': 'TotEnergy', 'stress': 'REF_stress', 'virials': 'REF_virials', 'dipole': 'dipole', 'head': 'head', 'elec_temp': 'elec_temp', 'total_charge': 'total_charge', 'polarizability': 'polarizability', 'total_spin': 'total_spin'}, arrays_keys={'forces': 'force', 'charges': 'REF_charges'})
2026-02-19 23:38:29.991 INFO: =============    Processing head Default     ===========
2026-02-19 23:38:30.326 INFO: Training set 1/1 [energy: 1116, stress: 0, virials: 0, dipole components: 0, head: 1116, elec_temp: 0, total_charge: 0, polarizability: 0, total_spin: 0, forces: 1116, charges: 0]
2026-02-19 23:38:30.327 INFO: Total Training set [energy: 1116, stress: 0, virials: 0, dipole components: 0, head: 1116, elec_temp: 0, total_charge: 0, polarizability: 0, total_spin: 0, forces: 1116, charges: 0]
2026-02-19 23:38:30.381 INFO: Validation set 1/1 [energy: 159, stress: 0, virials: 0, dipole components: 0, head: 159, elec_temp: 0, total_charge: 0, polarizability: 0, total_spin: 0, forces: 159, charges: 0]
2026-02-19 23:38:30.381 INFO: Total Validation set [energy: 159, stress: 0, virials: 0, dipole components: 0, head: 159, elec_temp: 0, total_charge: 0, polarizability: 0, total_spin: 0, forces: 159, charges: 0]
2026-02-19 23:38:30.381 INFO: Total number of configurations: train=1116, valid=159, tests=[],
2026-02-19 23:38:30.392 INFO: Atomic Numbers used: [np.int64(1), np.int64(8)]
2026-02-19 23:38:30.393 INFO: Isolated Atomic Energies (E0s) not in training file, using command line argument
2026-02-19 23:38:30.393 INFO: Computing average Atomic Energies using least squares regression
2026-02-19 23:38:30.394 INFO: Atomic Energies used (z: eV) for head Default: {1: -6.894315756608428, 8: -3.4471578783042047}
2026-02-19 23:38:30.394 INFO: Processing datasets for head 'Default'
2026-02-19 23:38:30.812 INFO: Combining 1 list datasets for head 'Default'
2026-02-19 23:38:30.874 INFO: Combining 1 list datasets for head 'Default_valid'
2026-02-19 23:38:30.874 INFO: Combined validation datasets for Default
2026-02-19 23:38:30.874 INFO: Head 'Default' training dataset size: 1116
2026-02-19 23:38:30.874 INFO: Computing average number of neighbors
2026-02-19 23:38:31.117 INFO: Average number of neighbors: 10.35154383213859
2026-02-19 23:38:31.117 INFO: During training the following quantities will be reported: energy, forces
2026-02-19 23:38:31.117 INFO: ===========MODEL DETAILS===========
2026-02-19 23:38:31.301 INFO: Building model
2026-02-19 23:38:31.301 INFO: Message passing with 64 channels and max_L=0 (64x0e)
2026-02-19 23:38:31.301 INFO: 2 layers, each with correlation order: 3 (body order: 4) and spherical harmonics up to: l=3
2026-02-19 23:38:31.301 INFO: 8 radial and 5 basis functions
2026-02-19 23:38:31.301 INFO: Radial cutoff: 6.0 A (total receptive field for each atom: 12.0 A)
2026-02-19 23:38:31.301 INFO: Distance transform for radial basis functions: None
2026-02-19 23:38:31.301 INFO: Hidden irreps: 64x0e
2026-02-19 23:38:31.651 INFO: Total number of parameters: 148688
2026-02-19 23:38:31.652 INFO: 
2026-02-19 23:38:31.652 INFO: ===========OPTIMIZER INFORMATION===========
2026-02-19 23:38:31.652 INFO: Using ADAM as parameter optimizer
2026-02-19 23:38:31.652 INFO: Batch size: 2
2026-02-19 23:38:31.652 INFO: Using Exponential Moving Average with decay: 0.99
2026-02-19 23:38:31.652 INFO: Number of gradient updates: 558
2026-02-19 23:38:31.652 INFO: Learning rate: 0.01, weight decay: 5e-07
2026-02-19 23:38:31.652 INFO: WeightedEnergyForcesLoss(energy_weight=10.000, forces_weight=1000.000)
2026-02-19 23:38:31.652 WARNING: Start Stage Two must be less than max_num_epochs, got 1 > 1
2026-02-19 23:38:31.652 INFO: Stage Two (after 1 epochs) with loss function: WeightedEnergyForcesLoss(energy_weight=1000.000, forces_weight=100.000), with energy weight : 1000.0, forces weight : 100.0 and learning rate : 0.001
2026-02-19 23:38:31.685 WARNING: No SWA checkpoint found, while SWA is enabled. Compare the swa_start parameter and the latest checkpoint.
2026-02-19 23:38:31.685 INFO: Loading checkpoint: /Users/jameszhao/Desktop/mace/mace-api/MACE_Freeze/runs_web/f426b92e-f8ac-4686-a430-a269d4a82aac/iter_00/c0/checkpoints/c0_run-0_epoch-0.pt
2026-02-19 23:38:31.690 INFO: Using gradient clipping with tolerance=10.000
2026-02-19 23:38:31.690 INFO: 
2026-02-19 23:38:31.690 INFO: ===========TRAINING===========
2026-02-19 23:38:31.690 INFO: Started training, reporting errors on validation set
2026-02-19 23:38:31.690 INFO: Loss metrics on validation set
2026-02-19 23:38:41.567 INFO: Initial: head: Default, loss=0.00996299, MAE_E_per_atom=   22.94 meV, MAE_F=    3.34 meV / A
2026-02-19 23:41:57.635 INFO: Epoch 0: head: Default, loss=0.00374213, MAE_E_per_atom=    5.25 meV, MAE_F=    2.21 meV / A
2026-02-19 23:41:57.644 INFO: Training complete
2026-02-19 23:41:57.644 INFO: 
2026-02-19 23:41:57.644 INFO: ===========RESULTS===========
2026-02-19 23:41:57.644 INFO: Loading checkpoint: /Users/jameszhao/Desktop/mace/mace-api/MACE_Freeze/runs_web/f426b92e-f8ac-4686-a430-a269d4a82aac/iter_00/c0/checkpoints/c0_run-0_epoch-0.pt
2026-02-19 23:41:57.648 INFO: Loaded Stage one model from epoch 0 for evaluation
2026-02-19 23:41:57.649 INFO: Saving model to /Users/jameszhao/Desktop/mace/mace-api/MACE_Freeze/runs_web/f426b92e-f8ac-4686-a430-a269d4a82aac/iter_00/c0/checkpoints/c0_run-0.model
2026-02-19 23:41:57.720 INFO: Compiling model, saving metadata to /Users/jameszhao/Desktop/mace/mace-api/MACE_Freeze/runs_web/f426b92e-f8ac-4686-a430-a269d4a82aac/iter_00/c0/c0_compiled.model
2026-02-19 23:41:57.962 INFO: Computing metrics for training, validation, and test sets
2026-02-19 23:41:57.962 INFO: Skipping evaluation for heads: ['pt_head']
2026-02-19 23:41:57.962 INFO: Evaluating train_Default ...
2026-02-19 23:43:19.817 INFO: Evaluating valid_Default ...
2026-02-19 23:43:29.912 INFO: Error-table on TRAIN and VALID:
+---------------+--------------------+-----------------+------------------+
|  config_type  | MAE E / meV / atom | MAE F / meV / A | relative F MAE % |
+---------------+--------------------+-----------------+------------------+
| train_Default |           5.3      |          2.3    |         8.36     |
| valid_Default |           5.2      |          2.2    |         7.78     |
+---------------+--------------------+-----------------+------------------+
2026-02-19 23:43:30.067 INFO: Loading checkpoint: /Users/jameszhao/Desktop/mace/mace-api/MACE_Freeze/runs_web/f426b92e-f8ac-4686-a430-a269d4a82aac/iter_00/c0/checkpoints/c0_run-0_epoch-0.pt
2026-02-19 23:43:30.075 INFO: Loaded Stage one model from epoch 0 for evaluation
2026-02-19 23:43:30.075 INFO: Saving model to /Users/jameszhao/Desktop/mace/mace-api/MACE_Freeze/runs_web/f426b92e-f8ac-4686-a430-a269d4a82aac/iter_00/c0/checkpoints/c0_run-0.model
2026-02-19 23:43:30.139 INFO: Compiling model, saving metadata to /Users/jameszhao/Desktop/mace/mace-api/MACE_Freeze/runs_web/f426b92e-f8ac-4686-a430-a269d4a82aac/iter_00/c0/c0_compiled.model
2026-02-19 23:43:30.355 INFO: Computing metrics for training, validation, and test sets
2026-02-19 23:43:30.355 INFO: Skipping evaluation for heads: ['pt_head']
2026-02-19 23:43:30.355 INFO: Evaluating train_Default ...
2026-02-19 23:44:47.072 INFO: Evaluating valid_Default ...
2026-02-19 23:44:57.909 INFO: Error-table on TRAIN and VALID:
+---------------+--------------------+-----------------+------------------+
|  config_type  | MAE E / meV / atom | MAE F / meV / A | relative F MAE % |
+---------------+--------------------+-----------------+------------------+
| train_Default |           5.3      |          2.3    |         8.36     |
| valid_Default |           5.2      |          2.2    |         7.78     |
+---------------+--------------------+-----------------+------------------+
2026-02-19 23:44:58.093 INFO: Done
